{"/home/charlie/nuf/front/src/App.js": {"path":"/home/charlie/nuf/front/src/App.js","statementMap":{"0":{"start":{"line":1,"column":0},"end":{"line":null,"column":-1}},"1":{"start":{"line":3,"column":0},"end":{"line":null,"column":-1}},"2":{"start":{"line":4,"column":0},"end":{"line":null,"column":-1}},"3":{"start":{"line":5,"column":0},"end":{"line":null,"column":-1}},"4":{"start":{"line":6,"column":0},"end":{"line":null,"column":-1}},"5":{"start":{"line":7,"column":0},"end":{"line":null,"column":-1}},"6":{"start":{"line":8,"column":0},"end":{"line":null,"column":-1}},"7":{"start":{"line":9,"column":0},"end":{"line":null,"column":-1}},"8":{"start":{"line":10,"column":0},"end":{"line":null,"column":-1}},"9":{"start":{"line":11,"column":0},"end":{"line":null,"column":-1}},"10":{"start":{"line":14,"column":0},"end":{"line":null,"column":-1}},"11":{"start":{"line":15,"column":0},"end":{"line":null,"column":-1}},"12":{"start":{"line":18,"column":0},"end":{"line":null,"column":-1}},"13":{"start":{"line":23,"column":0},"end":{"line":null,"column":-1}},"14":{"start":{"line":24,"column":15},"end":{"line":24,"column":0}},"15":{"start":{"line":33,"column":0},"end":{"line":null,"column":-1}},"16":{"start":{"line":35,"column":23},"end":{"line":35,"column":0}},"17":{"start":{"line":36,"column":22},"end":{"line":36,"column":4}},"18":{"start":{"line":37,"column":4},"end":{"line":null,"column":-1}},"19":{"start":{"line":40,"column":12},"end":{"line":null,"column":-1}},"20":{"start":{"line":41,"column":12},"end":{"line":null,"column":-1}},"21":{"start":{"line":44,"column":12},"end":{"line":null,"column":-1}},"22":{"start":{"line":47,"column":12},"end":{"line":null,"column":-1}},"23":{"start":{"line":50,"column":0},"end":{"line":50,"column":14}},"24":{"start":{"line":59,"column":21},"end":{"line":59,"column":8}},"25":{"start":{"line":60,"column":8},"end":{"line":89,"column":9}},"26":{"start":{"line":61,"column":12},"end":{"line":null,"column":-1}},"27":{"start":{"line":71,"column":12},"end":{"line":null,"column":-1}},"28":{"start":{"line":80,"column":103},"end":{"line":80,"column":36}},"29":{"start":{"line":81,"column":103},"end":{"line":81,"column":36}},"30":{"start":{"line":93,"column":24},"end":{"line":93,"column":0}},"31":{"start":{"line":94,"column":4},"end":{"line":null,"column":-1}},"32":{"start":{"line":99,"column":28},"end":{"line":99,"column":0}},"33":{"start":{"line":100,"column":4},"end":{"line":null,"column":-1}},"34":{"start":{"line":101,"column":57},"end":{"line":101,"column":65}}},"fnMap":{"0":{"name":"(anonymous_0)","decl":{"start":{"line":35,"column":23},"end":{"line":35,"column":28}},"loc":{"start":{"line":35,"column":29},"end":{"line":35,"column":0}}},"1":{"name":"(anonymous_1)","decl":{"start":{"line":39,"column":14},"end":{"line":39,"column":19}},"loc":{"start":{"line":39,"column":20},"end":{"line":37,"column":4}}},"2":{"name":"(anonymous_2)","decl":{"start":{"line":43,"column":14},"end":{"line":43,"column":18}},"loc":{"start":{"line":43,"column":23},"end":{"line":37,"column":4}}},"3":{"name":"(anonymous_3)","decl":{"start":{"line":46,"column":15},"end":{"line":46,"column":19}},"loc":{"start":{"line":46,"column":24},"end":{"line":37,"column":4}}},"4":{"name":"(anonymous_4)","decl":{"start":{"line":58,"column":4},"end":{"line":58,"column":9}},"loc":{"start":{"line":58,"column":13},"end":{"line":90,"column":5}}},"5":{"name":"(anonymous_5)","decl":{"start":{"line":80,"column":93},"end":{"line":80,"column":91}},"loc":{"start":{"line":80,"column":103},"end":{"line":80,"column":36}}},"6":{"name":"(anonymous_6)","decl":{"start":{"line":81,"column":93},"end":{"line":81,"column":91}},"loc":{"start":{"line":81,"column":103},"end":{"line":81,"column":36}}},"7":{"name":"(anonymous_7)","decl":{"start":{"line":93,"column":24},"end":{"line":93,"column":28}},"loc":{"start":{"line":93,"column":33},"end":{"line":93,"column":0}}},"8":{"name":"(anonymous_8)","decl":{"start":{"line":99,"column":28},"end":{"line":99,"column":26}},"loc":{"start":{"line":99,"column":41},"end":{"line":99,"column":0}}},"9":{"name":"(anonymous_9)","decl":{"start":{"line":101,"column":21},"end":{"line":101,"column":22}},"loc":{"start":{"line":101,"column":57},"end":{"line":101,"column":65}}}},"branchMap":{"0":{"loc":{"start":{"line":60,"column":8},"end":{"line":89,"column":9}},"type":"if","locations":[{"start":{"line":60,"column":8},"end":{"line":89,"column":9}},{"start":{"line":60,"column":8},"end":{"line":89,"column":9}}]}},"s":{"0":0,"1":0,"2":0,"3":0,"4":0,"5":0,"6":0,"7":0,"8":0,"9":0,"10":0,"11":0,"12":0,"13":0,"14":0,"15":0,"16":0,"17":0,"18":0,"19":0,"20":0,"21":0,"22":0,"23":0,"24":0,"25":0,"26":0,"27":0,"28":0,"29":0,"30":0,"31":0,"32":0,"33":0,"34":0},"f":{"0":0,"1":0,"2":0,"3":0,"4":0,"5":0,"6":0,"7":0,"8":0,"9":0},"b":{"0":[0,0]}}
,"/home/charlie/nuf/front/src/index.js": {"path":"/home/charlie/nuf/front/src/index.js","statementMap":{"0":{"start":{"line":1,"column":0},"end":{"line":null,"column":-1}},"1":{"start":{"line":2,"column":0},"end":{"line":null,"column":-1}},"2":{"start":{"line":3,"column":0},"end":{"line":null,"column":-1}},"3":{"start":{"line":4,"column":0},"end":{"line":null,"column":-1}},"4":{"start":{"line":6,"column":0},"end":{"line":null,"column":-1}},"5":{"start":{"line":7,"column":0},"end":{"line":null,"column":-1}},"6":{"start":{"line":8,"column":0},"end":{"line":null,"column":-1}},"7":{"start":{"line":9,"column":0},"end":{"line":null,"column":-1}},"8":{"start":{"line":10,"column":0},"end":{"line":null,"column":-1}},"9":{"start":{"line":12,"column":0},"end":{"line":null,"column":-1}},"10":{"start":{"line":17,"column":20},"end":{"line":17,"column":0}},"11":{"start":{"line":23,"column":25},"end":{"line":23,"column":0}},"12":{"start":{"line":25,"column":14},"end":{"line":25,"column":0}},"13":{"start":{"line":29,"column":0},"end":{"line":null,"column":-1}}},"fnMap":{},"branchMap":{"0":{"loc":{"start":{"line":23,"column":25},"end":{"line":23,"column":24}},"type":"binary-expr","locations":[{"start":{"line":23,"column":25},"end":{"line":23,"column":24}},{"start":{"line":23,"column":72},"end":{"line":23,"column":0}}]}},"s":{"0":0,"1":0,"2":0,"3":0,"4":0,"5":0,"6":0,"7":0,"8":0,"9":0,"10":0,"11":0,"12":0,"13":0},"f":{},"b":{"0":[0,0]}}
,"/home/charlie/nuf/front/src/components/AuthFields/AuthFields.js": {"path":"/home/charlie/nuf/front/src/components/AuthFields/AuthFields.js","statementMap":{"0":{"start":{"line":1,"column":0},"end":{"line":null,"column":-1}},"1":{"start":{"line":2,"column":0},"end":{"line":null,"column":-1}},"2":{"start":{"line":4,"column":20},"end":{"line":4,"column":0}},"3":{"start":{"line":6,"column":2},"end":{"line":null,"column":-1}}},"fnMap":{"0":{"name":"(anonymous_0)","decl":{"start":{"line":4,"column":20},"end":{"line":4,"column":18}},"loc":{"start":{"line":4,"column":30},"end":{"line":4,"column":0}}}},"branchMap":{},"s":{"0":0,"1":0,"2":0,"3":0},"f":{"0":0},"b":{}}
,"/home/charlie/nuf/front/src/components/ChatBar/ChatBar.js": {"path":"/home/charlie/nuf/front/src/components/ChatBar/ChatBar.js","statementMap":{"0":{"start":{"line":1,"column":0},"end":{"line":null,"column":-1}},"1":{"start":{"line":2,"column":0},"end":{"line":null,"column":-1}},"2":{"start":{"line":4,"column":17},"end":{"line":4,"column":0}},"3":{"start":{"line":5,"column":4},"end":{"line":4,"column":0}}},"fnMap":{"0":{"name":"(anonymous_0)","decl":{"start":{"line":4,"column":17},"end":{"line":4,"column":15}},"loc":{"start":{"line":5,"column":4},"end":{"line":4,"column":0}}}},"branchMap":{},"s":{"0":0,"1":0,"2":0,"3":0},"f":{"0":0},"b":{}}
,"/home/charlie/nuf/front/src/components/Emoji/Emoji.js": {"path":"/home/charlie/nuf/front/src/components/Emoji/Emoji.js","statementMap":{"0":{"start":{"line":1,"column":0},"end":{"line":null,"column":-1}},"1":{"start":{"line":2,"column":0},"end":{"line":null,"column":-1}},"2":{"start":{"line":4,"column":14},"end":{"line":4,"column":0}},"3":{"start":{"line":5,"column":2},"end":{"line":null,"column":-1}},"4":{"start":{"line":6,"column":75},"end":{"line":null,"column":-1}}},"fnMap":{"0":{"name":"(anonymous_0)","decl":{"start":{"line":4,"column":14},"end":{"line":4,"column":18}},"loc":{"start":{"line":4,"column":23},"end":{"line":4,"column":0}}},"1":{"name":"(anonymous_1)","decl":{"start":{"line":6,"column":68},"end":{"line":6,"column":73}},"loc":{"start":{"line":6,"column":74},"end":{"line":6,"column":4}}}},"branchMap":{},"s":{"0":0,"1":0,"2":0,"3":0,"4":0},"f":{"0":0,"1":0},"b":{}}
,"/home/charlie/nuf/front/src/components/Header/Header.js": {"path":"/home/charlie/nuf/front/src/components/Header/Header.js","statementMap":{"0":{"start":{"line":1,"column":0},"end":{"line":null,"column":-1}},"1":{"start":{"line":2,"column":0},"end":{"line":null,"column":-1}},"2":{"start":{"line":3,"column":0},"end":{"line":null,"column":-1}},"3":{"start":{"line":5,"column":15},"end":{"line":5,"column":0}},"4":{"start":{"line":6,"column":2},"end":{"line":5,"column":0}}},"fnMap":{"0":{"name":"(anonymous_0)","decl":{"start":{"line":5,"column":15},"end":{"line":6,"column":1}},"loc":{"start":{"line":6,"column":2},"end":{"line":5,"column":0}}}},"branchMap":{},"s":{"0":0,"1":0,"2":0,"3":0,"4":0},"f":{"0":0},"b":{}}
,"/home/charlie/nuf/front/src/components/MenuBar/MenuBar.js": {"path":"/home/charlie/nuf/front/src/components/MenuBar/MenuBar.js","statementMap":{"0":{"start":{"line":1,"column":0},"end":{"line":null,"column":-1}},"1":{"start":{"line":2,"column":0},"end":{"line":null,"column":-1}},"2":{"start":{"line":3,"column":0},"end":{"line":null,"column":-1}},"3":{"start":{"line":5,"column":17},"end":{"line":5,"column":0}},"4":{"start":{"line":6,"column":4},"end":{"line":5,"column":0}}},"fnMap":{"0":{"name":"(anonymous_0)","decl":{"start":{"line":5,"column":17},"end":{"line":5,"column":15}},"loc":{"start":{"line":6,"column":4},"end":{"line":5,"column":0}}}},"branchMap":{},"s":{"0":0,"1":0,"2":0,"3":0,"4":0},"f":{"0":0},"b":{}}
,"/home/charlie/nuf/front/src/components/Message/Message.js": {"path":"/home/charlie/nuf/front/src/components/Message/Message.js","statementMap":{"0":{"start":{"line":1,"column":0},"end":{"line":null,"column":-1}},"1":{"start":{"line":2,"column":0},"end":{"line":null,"column":-1}},"2":{"start":{"line":5,"column":17},"end":{"line":5,"column":0}},"3":{"start":{"line":6,"column":1},"end":{"line":null,"column":-1}}},"fnMap":{"0":{"name":"(anonymous_0)","decl":{"start":{"line":5,"column":17},"end":{"line":5,"column":15}},"loc":{"start":{"line":5,"column":27},"end":{"line":5,"column":0}}}},"branchMap":{},"s":{"0":0,"1":0,"2":0,"3":0},"f":{"0":0},"b":{}}
,"/home/charlie/nuf/front/src/components/Messageform/Messageform.js": {"path":"/home/charlie/nuf/front/src/components/Messageform/Messageform.js","statementMap":{"0":{"start":{"line":1,"column":0},"end":{"line":null,"column":-1}},"1":{"start":{"line":2,"column":0},"end":{"line":null,"column":-1}},"2":{"start":{"line":4,"column":21},"end":{"line":4,"column":0}},"3":{"start":{"line":5,"column":4},"end":{"line":null,"column":-1}}},"fnMap":{"0":{"name":"(anonymous_0)","decl":{"start":{"line":4,"column":21},"end":{"line":4,"column":19}},"loc":{"start":{"line":4,"column":31},"end":{"line":4,"column":0}}}},"branchMap":{},"s":{"0":0,"1":0,"2":0,"3":0},"f":{"0":0},"b":{}}
,"/home/charlie/nuf/front/src/components/ProfileCreateChatComponent/ProfileCreateChatComponent.js": {"path":"/home/charlie/nuf/front/src/components/ProfileCreateChatComponent/ProfileCreateChatComponent.js","statementMap":{"0":{"start":{"line":1,"column":0},"end":{"line":null,"column":-1}},"1":{"start":{"line":2,"column":0},"end":{"line":null,"column":-1}},"2":{"start":{"line":4,"column":36},"end":{"line":4,"column":0}},"3":{"start":{"line":6,"column":2},"end":{"line":null,"column":-1}}},"fnMap":{"0":{"name":"(anonymous_0)","decl":{"start":{"line":4,"column":36},"end":{"line":4,"column":34}},"loc":{"start":{"line":4,"column":46},"end":{"line":4,"column":0}}}},"branchMap":{},"s":{"0":0,"1":0,"2":0,"3":0},"f":{"0":0},"b":{}}
,"/home/charlie/nuf/front/src/components/RegFields/RegFields.js": {"path":"/home/charlie/nuf/front/src/components/RegFields/RegFields.js","statementMap":{"0":{"start":{"line":1,"column":0},"end":{"line":null,"column":-1}},"1":{"start":{"line":2,"column":0},"end":{"line":null,"column":-1}},"2":{"start":{"line":4,"column":19},"end":{"line":4,"column":0}},"3":{"start":{"line":6,"column":2},"end":{"line":null,"column":-1}}},"fnMap":{"0":{"name":"(anonymous_0)","decl":{"start":{"line":4,"column":19},"end":{"line":4,"column":17}},"loc":{"start":{"line":4,"column":29},"end":{"line":4,"column":0}}}},"branchMap":{},"s":{"0":0,"1":0,"2":0,"3":0},"f":{"0":0},"b":{}}
,"/home/charlie/nuf/front/src/components/SearchField/SearchField.js": {"path":"/home/charlie/nuf/front/src/components/SearchField/SearchField.js","statementMap":{"0":{"start":{"line":1,"column":0},"end":{"line":null,"column":-1}},"1":{"start":{"line":2,"column":0},"end":{"line":null,"column":-1}},"2":{"start":{"line":4,"column":19},"end":{"line":4,"column":0}},"3":{"start":{"line":6,"column":2},"end":{"line":null,"column":-1}}},"fnMap":{"0":{"name":"(anonymous_0)","decl":{"start":{"line":4,"column":19},"end":{"line":4,"column":17}},"loc":{"start":{"line":4,"column":29},"end":{"line":4,"column":0}}}},"branchMap":{},"s":{"0":0,"1":0,"2":0,"3":0},"f":{"0":0},"b":{}}
,"/home/charlie/nuf/front/src/components/SidebarComponent/SidebarComponent.js": {"path":"/home/charlie/nuf/front/src/components/SidebarComponent/SidebarComponent.js","statementMap":{"0":{"start":{"line":1,"column":0},"end":{"line":null,"column":-1}},"1":{"start":{"line":2,"column":0},"end":{"line":null,"column":-1}},"2":{"start":{"line":6,"column":27},"end":{"line":5,"column":33}},"3":{"start":{"line":5,"column":33},"end":{"line":null,"column":-1}},"4":{"start":{"line":7,"column":1},"end":{"line":null,"column":-1}},"5":{"start":{"line":8,"column":2},"end":{"line":null,"column":-1}},"6":{"start":{"line":9,"column":2},"end":{"line":11,"column":3}},"7":{"start":{"line":10,"column":3},"end":{"line":null,"column":-1}},"8":{"start":{"line":15,"column":1},"end":{"line":null,"column":-1}}},"fnMap":{"0":{"name":"SidebarComponent","decl":{"start":{"line":5,"column":9},"end":{"line":5,"column":0}},"loc":{"start":{"line":5,"column":33},"end":{"line":21,"column":1}}},"1":{"name":"(anonymous_1)","decl":{"start":{"line":7,"column":11},"end":{"line":7,"column":16}},"loc":{"start":{"line":7,"column":17},"end":{"line":7,"column":1}}}},"branchMap":{"0":{"loc":{"start":{"line":9,"column":2},"end":{"line":11,"column":3}},"type":"if","locations":[{"start":{"line":9,"column":2},"end":{"line":11,"column":3}},{"start":{"line":9,"column":2},"end":{"line":11,"column":3}}]}},"s":{"0":0,"1":0,"2":0,"3":0,"4":0,"5":0,"6":0,"7":0,"8":0},"f":{"0":0,"1":0},"b":{"0":[0,0]}}
,"/home/charlie/nuf/front/src/containers/cookie.js": {"path":"/home/charlie/nuf/front/src/containers/cookie.js","statementMap":{"0":{"start":{"line":3,"column":18},"end":{"line":3,"column":4}},"1":{"start":{"line":6,"column":4},"end":{"line":null,"column":-1}},"2":{"start":{"line":10,"column":4},"end":{"line":9,"column":48}},"3":{"start":{"line":12,"column":18},"end":{"line":12,"column":4}},"4":{"start":{"line":14,"column":4},"end":{"line":18,"column":5}},"5":{"start":{"line":15,"column":16},"end":{"line":15,"column":8}},"6":{"start":{"line":16,"column":8},"end":{"line":null,"column":-1}},"7":{"start":{"line":17,"column":8},"end":{"line":null,"column":-1}},"8":{"start":{"line":19,"column":4},"end":{"line":21,"column":5}},"9":{"start":{"line":20,"column":8},"end":{"line":null,"column":-1}},"10":{"start":{"line":23,"column":4},"end":{"line":null,"column":-1}},"11":{"start":{"line":25,"column":24},"end":{"line":25,"column":4}},"12":{"start":{"line":27,"column":4},"end":{"line":33,"column":5}},"13":{"start":{"line":28,"column":8},"end":{"line":null,"column":-1}},"14":{"start":{"line":29,"column":24},"end":{"line":29,"column":8}},"15":{"start":{"line":30,"column":8},"end":{"line":32,"column":9}},"16":{"start":{"line":31,"column":12},"end":{"line":null,"column":-1}},"17":{"start":{"line":34,"column":4},"end":{"line":null,"column":-1}},"18":{"start":{"line":39,"column":4},"end":{"line":null,"column":-1}}},"fnMap":{"0":{"name":"getCookie","decl":{"start":{"line":1,"column":16},"end":{"line":1,"column":7}},"loc":{"start":{"line":1,"column":32},"end":{"line":7,"column":1}}},"1":{"name":"setCookie","decl":{"start":{"line":9,"column":16},"end":{"line":9,"column":7}},"loc":{"start":{"line":9,"column":48},"end":{"line":35,"column":1}}},"2":{"name":"deleteCookie","decl":{"start":{"line":38,"column":16},"end":{"line":38,"column":7}},"loc":{"start":{"line":38,"column":35},"end":{"line":42,"column":1}}}},"branchMap":{"0":{"loc":{"start":{"line":6,"column":21},"end":{"line":6,"column":18}},"type":"cond-expr","locations":[{"start":{"line":6,"column":21},"end":{"line":6,"column":18}},{"start":{"line":6,"column":54},"end":{"line":6,"column":4}}]},"1":{"loc":{"start":{"line":10,"column":14},"end":{"line":10,"column":21}},"type":"binary-expr","locations":[{"start":{"line":10,"column":14},"end":{"line":10,"column":21}},{"start":{"line":10,"column":25},"end":{"line":10,"column":4}}]},"2":{"loc":{"start":{"line":14,"column":4},"end":{"line":18,"column":5}},"type":"if","locations":[{"start":{"line":14,"column":4},"end":{"line":18,"column":5}},{"start":{"line":14,"column":4},"end":{"line":18,"column":5}}]},"3":{"loc":{"start":{"line":14,"column":8},"end":{"line":14,"column":7}},"type":"binary-expr","locations":[{"start":{"line":14,"column":8},"end":{"line":14,"column":7}},{"start":{"line":14,"column":38},"end":{"line":14,"column":4}}]},"4":{"loc":{"start":{"line":19,"column":4},"end":{"line":21,"column":5}},"type":"if","locations":[{"start":{"line":19,"column":4},"end":{"line":21,"column":5}},{"start":{"line":19,"column":4},"end":{"line":21,"column":5}}]},"5":{"loc":{"start":{"line":19,"column":8},"end":{"line":19,"column":15}},"type":"binary-expr","locations":[{"start":{"line":19,"column":8},"end":{"line":19,"column":15}},{"start":{"line":19,"column":19},"end":{"line":19,"column":4}}]},"6":{"loc":{"start":{"line":30,"column":8},"end":{"line":32,"column":9}},"type":"if","locations":[{"start":{"line":30,"column":8},"end":{"line":32,"column":9}},{"start":{"line":30,"column":8},"end":{"line":32,"column":9}}]}},"s":{"0":0,"1":0,"2":0,"3":0,"4":0,"5":0,"6":0,"7":0,"8":0,"9":0,"10":0,"11":0,"12":0,"13":0,"14":0,"15":0,"16":0,"17":0,"18":0},"f":{"0":0,"1":0,"2":0},"b":{"0":[0,0],"1":[0,0],"2":[0,0],"3":[0,0],"4":[0,0],"5":[0,0],"6":[0,0]}}
,"/home/charlie/nuf/front/src/containers/sharedWorker.js": {"path":"/home/charlie/nuf/front/src/containers/sharedWorker.js","statementMap":{"0":{"start":{"line":2,"column":15},"end":{"line":2,"column":1}},"1":{"start":{"line":3,"column":1},"end":{"line":null,"column":-1}},"2":{"start":{"line":4,"column":15},"end":{"line":4,"column":2}},"3":{"start":{"line":5,"column":2},"end":{"line":null,"column":-1}},"4":{"start":{"line":6,"column":2},"end":{"line":null,"column":-1}},"5":{"start":{"line":7,"column":3},"end":{"line":null,"column":-1}},"6":{"start":{"line":9,"column":16},"end":{"line":9,"column":5}},"7":{"start":{"line":16,"column":19},"end":{"line":16,"column":5}},"8":{"start":{"line":25,"column":5},"end":{"line":null,"column":-1}},"9":{"start":{"line":27,"column":8},"end":{"line":null,"column":-1}},"10":{"start":{"line":30,"column":19},"end":{"line":30,"column":8}},"11":{"start":{"line":34,"column":8},"end":{"line":null,"column":-1}},"12":{"start":{"line":36,"column":5},"end":{"line":null,"column":-1}},"13":{"start":{"line":38,"column":16},"end":{"line":38,"column":5}},"14":{"start":{"line":45,"column":19},"end":{"line":45,"column":5}},"15":{"start":{"line":54,"column":5},"end":{"line":null,"column":-1}},"16":{"start":{"line":56,"column":8},"end":{"line":null,"column":-1}},"17":{"start":{"line":59,"column":19},"end":{"line":59,"column":8}},"18":{"start":{"line":63,"column":8},"end":{"line":null,"column":-1}},"19":{"start":{"line":65,"column":5},"end":{"line":null,"column":-1}},"20":{"start":{"line":67,"column":16},"end":{"line":67,"column":5}},"21":{"start":{"line":74,"column":19},"end":{"line":74,"column":5}},"22":{"start":{"line":83,"column":5},"end":{"line":null,"column":-1}},"23":{"start":{"line":85,"column":8},"end":{"line":null,"column":-1}},"24":{"start":{"line":88,"column":19},"end":{"line":88,"column":8}},"25":{"start":{"line":92,"column":8},"end":{"line":null,"column":-1}},"26":{"start":{"line":94,"column":5},"end":{"line":null,"column":-1}},"27":{"start":{"line":96,"column":16},"end":{"line":96,"column":5}},"28":{"start":{"line":103,"column":19},"end":{"line":103,"column":5}},"29":{"start":{"line":112,"column":5},"end":{"line":null,"column":-1}},"30":{"start":{"line":114,"column":8},"end":{"line":null,"column":-1}},"31":{"start":{"line":117,"column":19},"end":{"line":117,"column":8}},"32":{"start":{"line":121,"column":8},"end":{"line":null,"column":-1}},"33":{"start":{"line":123,"column":5},"end":{"line":null,"column":-1}},"34":{"start":{"line":125,"column":16},"end":{"line":125,"column":5}},"35":{"start":{"line":132,"column":19},"end":{"line":132,"column":5}},"36":{"start":{"line":141,"column":5},"end":{"line":null,"column":-1}},"37":{"start":{"line":143,"column":8},"end":{"line":null,"column":-1}},"38":{"start":{"line":146,"column":19},"end":{"line":146,"column":8}},"39":{"start":{"line":150,"column":8},"end":{"line":null,"column":-1}},"40":{"start":{"line":152,"column":5},"end":{"line":null,"column":-1}},"41":{"start":{"line":154,"column":16},"end":{"line":154,"column":5}},"42":{"start":{"line":161,"column":19},"end":{"line":161,"column":5}},"43":{"start":{"line":171,"column":5},"end":{"line":null,"column":-1}},"44":{"start":{"line":173,"column":8},"end":{"line":null,"column":-1}},"45":{"start":{"line":176,"column":8},"end":{"line":null,"column":-1}},"46":{"start":{"line":177,"column":19},"end":{"line":177,"column":8}},"47":{"start":{"line":181,"column":8},"end":{"line":null,"column":-1}},"48":{"start":{"line":183,"column":5},"end":{"line":null,"column":-1}},"49":{"start":{"line":185,"column":16},"end":{"line":185,"column":5}},"50":{"start":{"line":192,"column":19},"end":{"line":192,"column":5}},"51":{"start":{"line":202,"column":5},"end":{"line":null,"column":-1}},"52":{"start":{"line":204,"column":8},"end":{"line":null,"column":-1}},"53":{"start":{"line":207,"column":8},"end":{"line":null,"column":-1}},"54":{"start":{"line":208,"column":19},"end":{"line":208,"column":8}},"55":{"start":{"line":212,"column":8},"end":{"line":null,"column":-1}},"56":{"start":{"line":214,"column":5},"end":{"line":null,"column":-1}},"57":{"start":{"line":216,"column":16},"end":{"line":216,"column":5}},"58":{"start":{"line":223,"column":19},"end":{"line":223,"column":5}},"59":{"start":{"line":232,"column":5},"end":{"line":null,"column":-1}},"60":{"start":{"line":234,"column":8},"end":{"line":null,"column":-1}},"61":{"start":{"line":237,"column":8},"end":{"line":null,"column":-1}},"62":{"start":{"line":239,"column":5},"end":{"line":null,"column":-1}},"63":{"start":{"line":241,"column":16},"end":{"line":241,"column":5}},"64":{"start":{"line":248,"column":19},"end":{"line":248,"column":5}},"65":{"start":{"line":257,"column":5},"end":{"line":null,"column":-1}},"66":{"start":{"line":259,"column":8},"end":{"line":null,"column":-1}},"67":{"start":{"line":262,"column":19},"end":{"line":262,"column":8}},"68":{"start":{"line":266,"column":8},"end":{"line":null,"column":-1}},"69":{"start":{"line":268,"column":5},"end":{"line":null,"column":-1}},"70":{"start":{"line":270,"column":16},"end":{"line":270,"column":5}},"71":{"start":{"line":277,"column":23},"end":{"line":277,"column":9}},"72":{"start":{"line":286,"column":8},"end":{"line":null,"column":-1}},"73":{"start":{"line":288,"column":16},"end":{"line":null,"column":-1}},"74":{"start":{"line":290,"column":8},"end":{"line":null,"column":-1}},"75":{"start":{"line":292,"column":16},"end":{"line":292,"column":5}},"76":{"start":{"line":299,"column":19},"end":{"line":299,"column":5}},"77":{"start":{"line":309,"column":5},"end":{"line":null,"column":-1}},"78":{"start":{"line":311,"column":8},"end":{"line":null,"column":-1}},"79":{"start":{"line":314,"column":19},"end":{"line":314,"column":8}},"80":{"start":{"line":318,"column":8},"end":{"line":null,"column":-1}},"81":{"start":{"line":320,"column":5},"end":{"line":null,"column":-1}},"82":{"start":{"line":322,"column":16},"end":{"line":322,"column":5}},"83":{"start":{"line":329,"column":19},"end":{"line":329,"column":5}},"84":{"start":{"line":339,"column":5},"end":{"line":null,"column":-1}},"85":{"start":{"line":341,"column":8},"end":{"line":null,"column":-1}},"86":{"start":{"line":344,"column":19},"end":{"line":344,"column":8}},"87":{"start":{"line":348,"column":8},"end":{"line":null,"column":-1}},"88":{"start":{"line":350,"column":5},"end":{"line":null,"column":-1}},"89":{"start":{"line":352,"column":5},"end":{"line":null,"column":-1}},"90":{"start":{"line":354,"column":3},"end":{"line":360,"column":4}},"91":{"start":{"line":355,"column":4},"end":{"line":null,"column":-1}},"92":{"start":{"line":357,"column":4},"end":{"line":null,"column":-1}},"93":{"start":{"line":357,"column":25},"end":{"line":357,"column":4}},"94":{"start":{"line":358,"column":5},"end":{"line":null,"column":-1}},"95":{"start":{"line":362,"column":2},"end":{"line":null,"column":-1}}},"fnMap":{"0":{"name":"(anonymous_1)","decl":{"start":{"line":3,"column":35},"end":{"line":3,"column":33}},"loc":{"start":{"line":3,"column":45},"end":{"line":3,"column":1}}},"1":{"name":"(anonymous_2)","decl":{"start":{"line":6,"column":36},"end":{"line":6,"column":34}},"loc":{"start":{"line":6,"column":46},"end":{"line":6,"column":2}}},"2":{"name":"(anonymous_3)","decl":{"start":{"line":26,"column":13},"end":{"line":26,"column":21}},"loc":{"start":{"line":26,"column":33},"end":{"line":25,"column":5}}},"3":{"name":"(anonymous_4)","decl":{"start":{"line":29,"column":13},"end":{"line":29,"column":16}},"loc":{"start":{"line":29,"column":21},"end":{"line":25,"column":5}}},"4":{"name":"(anonymous_5)","decl":{"start":{"line":55,"column":13},"end":{"line":55,"column":21}},"loc":{"start":{"line":55,"column":33},"end":{"line":54,"column":5}}},"5":{"name":"(anonymous_6)","decl":{"start":{"line":58,"column":13},"end":{"line":58,"column":16}},"loc":{"start":{"line":58,"column":21},"end":{"line":54,"column":5}}},"6":{"name":"(anonymous_7)","decl":{"start":{"line":84,"column":13},"end":{"line":84,"column":21}},"loc":{"start":{"line":84,"column":33},"end":{"line":83,"column":5}}},"7":{"name":"(anonymous_8)","decl":{"start":{"line":87,"column":13},"end":{"line":87,"column":16}},"loc":{"start":{"line":87,"column":21},"end":{"line":83,"column":5}}},"8":{"name":"(anonymous_9)","decl":{"start":{"line":113,"column":13},"end":{"line":113,"column":21}},"loc":{"start":{"line":113,"column":33},"end":{"line":112,"column":5}}},"9":{"name":"(anonymous_10)","decl":{"start":{"line":116,"column":13},"end":{"line":116,"column":16}},"loc":{"start":{"line":116,"column":21},"end":{"line":112,"column":5}}},"10":{"name":"(anonymous_11)","decl":{"start":{"line":142,"column":13},"end":{"line":142,"column":21}},"loc":{"start":{"line":142,"column":33},"end":{"line":141,"column":5}}},"11":{"name":"(anonymous_12)","decl":{"start":{"line":145,"column":13},"end":{"line":145,"column":16}},"loc":{"start":{"line":145,"column":21},"end":{"line":141,"column":5}}},"12":{"name":"(anonymous_13)","decl":{"start":{"line":172,"column":13},"end":{"line":172,"column":21}},"loc":{"start":{"line":172,"column":33},"end":{"line":171,"column":5}}},"13":{"name":"(anonymous_14)","decl":{"start":{"line":175,"column":13},"end":{"line":175,"column":16}},"loc":{"start":{"line":175,"column":21},"end":{"line":171,"column":5}}},"14":{"name":"(anonymous_15)","decl":{"start":{"line":203,"column":13},"end":{"line":203,"column":21}},"loc":{"start":{"line":203,"column":33},"end":{"line":202,"column":5}}},"15":{"name":"(anonymous_16)","decl":{"start":{"line":206,"column":13},"end":{"line":206,"column":16}},"loc":{"start":{"line":206,"column":21},"end":{"line":202,"column":5}}},"16":{"name":"(anonymous_17)","decl":{"start":{"line":233,"column":13},"end":{"line":233,"column":21}},"loc":{"start":{"line":233,"column":33},"end":{"line":232,"column":5}}},"17":{"name":"(anonymous_18)","decl":{"start":{"line":236,"column":13},"end":{"line":236,"column":16}},"loc":{"start":{"line":236,"column":21},"end":{"line":232,"column":5}}},"18":{"name":"(anonymous_19)","decl":{"start":{"line":258,"column":13},"end":{"line":258,"column":21}},"loc":{"start":{"line":258,"column":33},"end":{"line":257,"column":5}}},"19":{"name":"(anonymous_20)","decl":{"start":{"line":261,"column":13},"end":{"line":261,"column":16}},"loc":{"start":{"line":261,"column":21},"end":{"line":257,"column":5}}},"20":{"name":"(anonymous_21)","decl":{"start":{"line":287,"column":20},"end":{"line":287,"column":28}},"loc":{"start":{"line":287,"column":40},"end":{"line":286,"column":8}}},"21":{"name":"(anonymous_22)","decl":{"start":{"line":310,"column":13},"end":{"line":310,"column":21}},"loc":{"start":{"line":310,"column":33},"end":{"line":309,"column":5}}},"22":{"name":"(anonymous_23)","decl":{"start":{"line":313,"column":13},"end":{"line":313,"column":16}},"loc":{"start":{"line":313,"column":21},"end":{"line":309,"column":5}}},"23":{"name":"(anonymous_24)","decl":{"start":{"line":340,"column":13},"end":{"line":340,"column":21}},"loc":{"start":{"line":340,"column":33},"end":{"line":339,"column":5}}},"24":{"name":"(anonymous_25)","decl":{"start":{"line":343,"column":13},"end":{"line":343,"column":16}},"loc":{"start":{"line":343,"column":21},"end":{"line":339,"column":5}}},"25":{"name":"(anonymous_26)","decl":{"start":{"line":357,"column":17},"end":{"line":357,"column":20}},"loc":{"start":{"line":357,"column":25},"end":{"line":357,"column":4}}},"26":{"name":"(anonymous_27)","decl":{"start":{"line":357,"column":57},"end":{"line":357,"column":55}},"loc":{"start":{"line":357,"column":66},"end":{"line":357,"column":4}}}},"branchMap":{"0":{"loc":{"start":{"line":8,"column":4},"end":{"line":36,"column":5}},"type":"switch","locations":[{"start":{"line":8,"column":4},"end":{"line":36,"column":5}},{"start":{"line":37,"column":4},"end":{"line":65,"column":5}},{"start":{"line":66,"column":4},"end":{"line":94,"column":5}},{"start":{"line":95,"column":4},"end":{"line":123,"column":5}},{"start":{"line":124,"column":4},"end":{"line":152,"column":5}},{"start":{"line":153,"column":4},"end":{"line":183,"column":5}},{"start":{"line":184,"column":4},"end":{"line":214,"column":5}},{"start":{"line":215,"column":4},"end":{"line":239,"column":5}},{"start":{"line":240,"column":4},"end":{"line":268,"column":5}},{"start":{"line":269,"column":4},"end":{"line":290,"column":8}},{"start":{"line":291,"column":4},"end":{"line":320,"column":5}},{"start":{"line":321,"column":4},"end":{"line":350,"column":5}},{"start":{"line":351,"column":4},"end":{"line":352,"column":5}}]},"1":{"loc":{"start":{"line":354,"column":3},"end":{"line":360,"column":4}},"type":"if","locations":[{"start":{"line":354,"column":3},"end":{"line":360,"column":4}},{"start":{"line":354,"column":3},"end":{"line":360,"column":4}}]}},"s":{"0":0,"1":0,"2":0,"3":0,"4":0,"5":0,"6":0,"7":0,"8":0,"9":0,"10":0,"11":0,"12":0,"13":0,"14":0,"15":0,"16":0,"17":0,"18":0,"19":0,"20":0,"21":0,"22":0,"23":0,"24":0,"25":0,"26":0,"27":0,"28":0,"29":0,"30":0,"31":0,"32":0,"33":0,"34":0,"35":0,"36":0,"37":0,"38":0,"39":0,"40":0,"41":0,"42":0,"43":0,"44":0,"45":0,"46":0,"47":0,"48":0,"49":0,"50":0,"51":0,"52":0,"53":0,"54":0,"55":0,"56":0,"57":0,"58":0,"59":0,"60":0,"61":0,"62":0,"63":0,"64":0,"65":0,"66":0,"67":0,"68":0,"69":0,"70":0,"71":0,"72":0,"73":0,"74":0,"75":0,"76":0,"77":0,"78":0,"79":0,"80":0,"81":0,"82":0,"83":0,"84":0,"85":0,"86":0,"87":0,"88":0,"89":0,"90":0,"91":0,"92":0,"93":0,"94":0,"95":0},"f":{"0":0,"1":0,"2":0,"3":0,"4":0,"5":0,"6":0,"7":0,"8":0,"9":0,"10":0,"11":0,"12":0,"13":0,"14":0,"15":0,"16":0,"17":0,"18":0,"19":0,"20":0,"21":0,"22":0,"23":0,"24":0,"25":0,"26":0},"b":{"0":[0,0,0,0,0,0,0,0,0,0,0,0,0],"1":[0,0]}}
,"/home/charlie/nuf/front/src/containers/AddMessage/AddMessage.js": {"path":"/home/charlie/nuf/front/src/containers/AddMessage/AddMessage.js","statementMap":{"0":{"start":{"line":1,"column":0},"end":{"line":null,"column":-1}},"1":{"start":{"line":2,"column":0},"end":{"line":null,"column":-1}},"2":{"start":{"line":3,"column":0},"end":{"line":null,"column":-1}},"3":{"start":{"line":4,"column":0},"end":{"line":null,"column":-1}},"4":{"start":{"line":6,"column":0},"end":{"line":null,"column":-1}},"5":{"start":{"line":8,"column":0},"end":{"line":null,"column":-1}},"6":{"start":{"line":10,"column":0},"end":{"line":null,"column":-1}},"7":{"start":{"line":12,"column":0},"end":{"line":null,"column":-1}},"8":{"start":{"line":16,"column":35},"end":{"line":null,"column":-1}},"9":{"start":{"line":142,"column":8},"end":{"line":null,"column":-1}},"10":{"start":{"line":143,"column":8},"end":{"line":null,"column":-1}},"11":{"start":{"line":25,"column":27},"end":{"line":25,"column":8}},"12":{"start":{"line":26,"column":8},"end":{"line":null,"column":-1}},"13":{"start":{"line":27,"column":27},"end":{"line":27,"column":12}},"14":{"start":{"line":28,"column":12},"end":{"line":null,"column":-1}},"15":{"start":{"line":29,"column":31},"end":{"line":29,"column":16}},"16":{"start":{"line":30,"column":16},"end":{"line":null,"column":-1}},"17":{"start":{"line":31,"column":16},"end":{"line":null,"column":-1}},"18":{"start":{"line":32,"column":20},"end":{"line":null,"column":-1}},"19":{"start":{"line":34,"column":16},"end":{"line":null,"column":-1}},"20":{"start":{"line":36,"column":12},"end":{"line":null,"column":-1}},"21":{"start":{"line":37,"column":12},"end":{"line":null,"column":-1}},"22":{"start":{"line":43,"column":8},"end":{"line":null,"column":-1}},"23":{"start":{"line":48,"column":25},"end":{"line":48,"column":8}},"24":{"start":{"line":50,"column":8},"end":{"line":null,"column":-1}},"25":{"start":{"line":51,"column":16},"end":{"line":null,"column":-1}},"26":{"start":{"line":52,"column":38},"end":{"line":52,"column":24}},"27":{"start":{"line":53,"column":24},"end":{"line":null,"column":-1}},"28":{"start":{"line":55,"column":16},"end":{"line":null,"column":-1}},"29":{"start":{"line":55,"column":43},"end":{"line":55,"column":16}},"30":{"start":{"line":56,"column":16},"end":{"line":null,"column":-1}},"31":{"start":{"line":62,"column":8},"end":{"line":null,"column":-1}},"32":{"start":{"line":63,"column":8},"end":{"line":79,"column":9}},"33":{"start":{"line":64,"column":25},"end":{"line":64,"column":12}},"34":{"start":{"line":66,"column":22},"end":{"line":66,"column":12}},"35":{"start":{"line":73,"column":12},"end":{"line":null,"column":-1}},"36":{"start":{"line":74,"column":16},"end":{"line":null,"column":-1}},"37":{"start":{"line":77,"column":12},"end":{"line":null,"column":-1}},"38":{"start":{"line":78,"column":12},"end":{"line":null,"column":-1}},"39":{"start":{"line":80,"column":8},"end":{"line":83,"column":9}},"40":{"start":{"line":81,"column":12},"end":{"line":null,"column":-1}},"41":{"start":{"line":82,"column":12},"end":{"line":null,"column":-1}},"42":{"start":{"line":87,"column":8},"end":{"line":null,"column":-1}},"43":{"start":{"line":88,"column":12},"end":{"line":null,"column":-1}},"44":{"start":{"line":89,"column":25},"end":{"line":89,"column":12}},"45":{"start":{"line":90,"column":23},"end":{"line":90,"column":12}},"46":{"start":{"line":91,"column":12},"end":{"line":null,"column":-1}},"47":{"start":{"line":93,"column":28},"end":{"line":93,"column":12}},"48":{"start":{"line":94,"column":12},"end":{"line":101,"column":13}},"49":{"start":{"line":95,"column":16},"end":{"line":null,"column":-1}},"50":{"start":{"line":96,"column":20},"end":{"line":null,"column":-1}},"51":{"start":{"line":100,"column":16},"end":{"line":null,"column":-1}},"52":{"start":{"line":107,"column":8},"end":{"line":null,"column":-1}},"53":{"start":{"line":108,"column":12},"end":{"line":111,"column":16}},"54":{"start":{"line":109,"column":16},"end":{"line":108,"column":12}},"55":{"start":{"line":111,"column":16},"end":{"line":null,"column":-1}},"56":{"start":{"line":118,"column":12},"end":{"line":null,"column":-1}},"57":{"start":{"line":122,"column":12},"end":{"line":null,"column":-1}},"58":{"start":{"line":123,"column":16},"end":{"line":null,"column":-1}},"59":{"start":{"line":126,"column":8},"end":{"line":null,"column":-1}},"60":{"start":{"line":131,"column":8},"end":{"line":null,"column":-1}},"61":{"start":{"line":132,"column":8},"end":{"line":null,"column":-1}},"62":{"start":{"line":137,"column":8},"end":{"line":null,"column":-1}},"63":{"start":{"line":149,"column":8},"end":{"line":null,"column":-1}},"64":{"start":{"line":152,"column":79},"end":{"line":152,"column":16}},"65":{"start":{"line":153,"column":85},"end":{"line":152,"column":16}},"66":{"start":{"line":154,"column":86},"end":{"line":152,"column":16}},"67":{"start":{"line":155,"column":81},"end":{"line":152,"column":16}},"68":{"start":{"line":156,"column":90},"end":{"line":152,"column":16}},"69":{"start":{"line":164,"column":28},"end":{"line":164,"column":0}},"70":{"start":{"line":165,"column":4},"end":{"line":null,"column":-1}},"71":{"start":{"line":166,"column":64},"end":{"line":166,"column":72}},"72":{"start":{"line":170,"column":24},"end":{"line":170,"column":0}},"73":{"start":{"line":171,"column":4},"end":{"line":null,"column":-1}}},"fnMap":{"0":{"name":"(anonymous_0)","decl":{"start":{"line":16,"column":35},"end":{"line":null,"column":-1}},"loc":{"start":{"line":16,"column":35},"end":{"line":null,"column":-1}}},"1":{"name":"(anonymous_1)","decl":{"start":{"line":141,"column":24},"end":{"line":141,"column":22}},"loc":{"start":{"line":141,"column":38},"end":{"line":16,"column":35}}},"2":{"name":"(anonymous_2)","decl":{"start":{"line":24,"column":4},"end":{"line":24,"column":18}},"loc":{"start":{"line":24,"column":23},"end":{"line":39,"column":5}}},"3":{"name":"(anonymous_3)","decl":{"start":{"line":26,"column":27},"end":{"line":26,"column":28}},"loc":{"start":{"line":26,"column":41},"end":{"line":26,"column":15}}},"4":{"name":"(anonymous_4)","decl":{"start":{"line":28,"column":48},"end":{"line":28,"column":46}},"loc":{"start":{"line":28,"column":58},"end":{"line":28,"column":12}}},"5":{"name":"(anonymous_5)","decl":{"start":{"line":31,"column":56},"end":{"line":31,"column":61}},"loc":{"start":{"line":31,"column":62},"end":{"line":31,"column":16}}},"6":{"name":"(anonymous_6)","decl":{"start":{"line":42,"column":4},"end":{"line":42,"column":15}},"loc":{"start":{"line":42,"column":24},"end":{"line":44,"column":5}}},"7":{"name":"(anonymous_7)","decl":{"start":{"line":47,"column":4},"end":{"line":47,"column":11}},"loc":{"start":{"line":47,"column":19},"end":{"line":58,"column":5}}},"8":{"name":"(anonymous_8)","decl":{"start":{"line":50,"column":27},"end":{"line":50,"column":28}},"loc":{"start":{"line":50,"column":48},"end":{"line":50,"column":15}}},"9":{"name":"(anonymous_9)","decl":{"start":{"line":51,"column":36},"end":{"line":51,"column":37}},"loc":{"start":{"line":51,"column":41},"end":{"line":51,"column":16}}},"10":{"name":"(anonymous_10)","decl":{"start":{"line":55,"column":37},"end":{"line":55,"column":42}},"loc":{"start":{"line":55,"column":43},"end":{"line":55,"column":16}}},"11":{"name":"(anonymous_11)","decl":{"start":{"line":61,"column":4},"end":{"line":61,"column":15}},"loc":{"start":{"line":61,"column":24},"end":{"line":84,"column":5}}},"12":{"name":"(anonymous_12)","decl":{"start":{"line":73,"column":36},"end":{"line":73,"column":34}},"loc":{"start":{"line":73,"column":47},"end":{"line":73,"column":12}}},"13":{"name":"(anonymous_13)","decl":{"start":{"line":86,"column":4},"end":{"line":86,"column":13}},"loc":{"start":{"line":86,"column":22},"end":{"line":103,"column":5}}},"14":{"name":"(anonymous_14)","decl":{"start":{"line":87,"column":27},"end":{"line":87,"column":28}},"loc":{"start":{"line":87,"column":48},"end":{"line":87,"column":15}}},"15":{"name":"(anonymous_15)","decl":{"start":{"line":95,"column":42},"end":{"line":95,"column":50}},"loc":{"start":{"line":95,"column":61},"end":{"line":95,"column":16}}},"16":{"name":"(anonymous_16)","decl":{"start":{"line":106,"column":4},"end":{"line":106,"column":19}},"loc":{"start":{"line":106,"column":28},"end":{"line":114,"column":5}}},"17":{"name":"(anonymous_17)","decl":{"start":{"line":107,"column":37},"end":{"line":107,"column":35}},"loc":{"start":{"line":107,"column":48},"end":{"line":107,"column":8}}},"18":{"name":"(anonymous_18)","decl":{"start":{"line":116,"column":4},"end":{"line":116,"column":14}},"loc":{"start":{"line":116,"column":18},"end":{"line":127,"column":5}}},"19":{"name":"error","decl":{"start":{"line":117,"column":17},"end":{"line":117,"column":8}},"loc":{"start":{"line":117,"column":25},"end":{"line":119,"column":9}}},"20":{"name":"getPosition","decl":{"start":{"line":121,"column":17},"end":{"line":121,"column":8}},"loc":{"start":{"line":121,"column":36},"end":{"line":125,"column":9}}},"21":{"name":"(anonymous_21)","decl":{"start":{"line":122,"column":31},"end":{"line":122,"column":32}},"loc":{"start":{"line":122,"column":52},"end":{"line":122,"column":19}}},"22":{"name":"(anonymous_22)","decl":{"start":{"line":130,"column":4},"end":{"line":130,"column":20}},"loc":{"start":{"line":130,"column":24},"end":{"line":133,"column":7}}},"23":{"name":"(anonymous_23)","decl":{"start":{"line":131,"column":32},"end":{"line":131,"column":37}},"loc":{"start":{"line":131,"column":42},"end":{"line":131,"column":8}}},"24":{"name":"(anonymous_24)","decl":{"start":{"line":136,"column":4},"end":{"line":136,"column":24}},"loc":{"start":{"line":136,"column":28},"end":{"line":138,"column":5}}},"25":{"name":"(anonymous_25)","decl":{"start":{"line":148,"column":4},"end":{"line":148,"column":9}},"loc":{"start":{"line":148,"column":13},"end":{"line":161,"column":5}}},"26":{"name":"(anonymous_26)","decl":{"start":{"line":152,"column":69},"end":{"line":152,"column":67}},"loc":{"start":{"line":152,"column":79},"end":{"line":152,"column":16}}},"27":{"name":"(anonymous_27)","decl":{"start":{"line":153,"column":75},"end":{"line":153,"column":73}},"loc":{"start":{"line":153,"column":85},"end":{"line":152,"column":16}}},"28":{"name":"(anonymous_28)","decl":{"start":{"line":154,"column":76},"end":{"line":154,"column":74}},"loc":{"start":{"line":154,"column":86},"end":{"line":152,"column":16}}},"29":{"name":"(anonymous_29)","decl":{"start":{"line":155,"column":71},"end":{"line":155,"column":69}},"loc":{"start":{"line":155,"column":81},"end":{"line":152,"column":16}}},"30":{"name":"(anonymous_30)","decl":{"start":{"line":156,"column":80},"end":{"line":156,"column":78}},"loc":{"start":{"line":156,"column":90},"end":{"line":152,"column":16}}},"31":{"name":"(anonymous_31)","decl":{"start":{"line":164,"column":28},"end":{"line":164,"column":26}},"loc":{"start":{"line":164,"column":41},"end":{"line":164,"column":0}}},"32":{"name":"(anonymous_32)","decl":{"start":{"line":166,"column":20},"end":{"line":166,"column":21}},"loc":{"start":{"line":166,"column":64},"end":{"line":166,"column":72}}},"33":{"name":"(anonymous_33)","decl":{"start":{"line":170,"column":24},"end":{"line":170,"column":28}},"loc":{"start":{"line":170,"column":33},"end":{"line":170,"column":0}}}},"branchMap":{"0":{"loc":{"start":{"line":63,"column":8},"end":{"line":79,"column":9}},"type":"if","locations":[{"start":{"line":63,"column":8},"end":{"line":79,"column":9}},{"start":{"line":63,"column":8},"end":{"line":79,"column":9}}]},"1":{"loc":{"start":{"line":63,"column":12},"end":{"line":63,"column":11}},"type":"binary-expr","locations":[{"start":{"line":63,"column":12},"end":{"line":63,"column":11}},{"start":{"line":63,"column":39},"end":{"line":63,"column":8}}]},"2":{"loc":{"start":{"line":80,"column":8},"end":{"line":83,"column":9}},"type":"if","locations":[{"start":{"line":80,"column":8},"end":{"line":83,"column":9}},{"start":{"line":80,"column":8},"end":{"line":83,"column":9}}]},"3":{"loc":{"start":{"line":80,"column":12},"end":{"line":80,"column":11}},"type":"binary-expr","locations":[{"start":{"line":80,"column":12},"end":{"line":80,"column":11}},{"start":{"line":80,"column":39},"end":{"line":80,"column":8}}]},"4":{"loc":{"start":{"line":94,"column":12},"end":{"line":101,"column":13}},"type":"if","locations":[{"start":{"line":94,"column":12},"end":{"line":101,"column":13}},{"start":{"line":94,"column":12},"end":{"line":101,"column":13}}]},"5":{"loc":{"start":{"line":94,"column":16},"end":{"line":94,"column":15}},"type":"binary-expr","locations":[{"start":{"line":94,"column":16},"end":{"line":94,"column":15}},{"start":{"line":94,"column":39},"end":{"line":94,"column":12}}]},"6":{"loc":{"start":{"line":108,"column":12},"end":{"line":111,"column":16}},"type":"if","locations":[{"start":{"line":108,"column":12},"end":{"line":111,"column":16}},{"start":{"line":108,"column":12},"end":{"line":111,"column":16}}]},"7":{"loc":{"start":{"line":151,"column":55},"end":{"line":151,"column":17}},"type":"cond-expr","locations":[{"start":{"line":151,"column":55},"end":{"line":151,"column":17}},{"start":{"line":151,"column":113},"end":{"line":150,"column":12}}]}},"s":{"0":0,"1":0,"2":0,"3":0,"4":0,"5":0,"6":0,"7":0,"8":0,"9":0,"10":0,"11":0,"12":0,"13":0,"14":0,"15":0,"16":0,"17":0,"18":0,"19":0,"20":0,"21":0,"22":0,"23":0,"24":0,"25":0,"26":0,"27":0,"28":0,"29":0,"30":0,"31":0,"32":0,"33":0,"34":0,"35":0,"36":0,"37":0,"38":0,"39":0,"40":0,"41":0,"42":0,"43":0,"44":0,"45":0,"46":0,"47":0,"48":0,"49":0,"50":0,"51":0,"52":0,"53":0,"54":0,"55":0,"56":0,"57":0,"58":0,"59":0,"60":0,"61":0,"62":0,"63":0,"64":0,"65":0,"66":0,"67":0,"68":0,"69":0,"70":0,"71":0,"72":0,"73":0},"f":{"0":0,"1":0,"2":0,"3":0,"4":0,"5":0,"6":0,"7":0,"8":0,"9":0,"10":0,"11":0,"12":0,"13":0,"14":0,"15":0,"16":0,"17":0,"18":0,"19":0,"20":0,"21":0,"22":0,"23":0,"24":0,"25":0,"26":0,"27":0,"28":0,"29":0,"30":0,"31":0,"32":0,"33":0},"b":{"0":[0,0],"1":[0,0],"2":[0,0],"3":[0,0],"4":[0,0],"5":[0,0],"6":[0,0],"7":[0,0]}}
,"/home/charlie/nuf/front/src/containers/AuthWindow/AuthWindow.js": {"path":"/home/charlie/nuf/front/src/containers/AuthWindow/AuthWindow.js","statementMap":{"0":{"start":{"line":1,"column":0},"end":{"line":null,"column":-1}},"1":{"start":{"line":2,"column":0},"end":{"line":null,"column":-1}},"2":{"start":{"line":3,"column":0},"end":{"line":null,"column":-1}},"3":{"start":{"line":4,"column":0},"end":{"line":null,"column":-1}},"4":{"start":{"line":5,"column":0},"end":{"line":null,"column":-1}},"5":{"start":{"line":7,"column":0},"end":{"line":null,"column":-1}},"6":{"start":{"line":8,"column":0},"end":{"line":null,"column":-1}},"7":{"start":{"line":9,"column":0},"end":{"line":null,"column":-1}},"8":{"start":{"line":13,"column":8},"end":{"line":null,"column":-1}},"9":{"start":{"line":14,"column":8},"end":{"line":null,"column":-1}},"10":{"start":{"line":23,"column":27},"end":{"line":23,"column":8}},"11":{"start":{"line":24,"column":8},"end":{"line":null,"column":-1}},"12":{"start":{"line":25,"column":27},"end":{"line":25,"column":12}},"13":{"start":{"line":26,"column":12},"end":{"line":null,"column":-1}},"14":{"start":{"line":27,"column":31},"end":{"line":27,"column":16}},"15":{"start":{"line":28,"column":16},"end":{"line":null,"column":-1}},"16":{"start":{"line":29,"column":16},"end":{"line":null,"column":-1}},"17":{"start":{"line":30,"column":16},"end":{"line":null,"column":-1}},"18":{"start":{"line":31,"column":20},"end":{"line":null,"column":-1}},"19":{"start":{"line":33,"column":16},"end":{"line":null,"column":-1}},"20":{"start":{"line":35,"column":12},"end":{"line":null,"column":-1}},"21":{"start":{"line":36,"column":12},"end":{"line":null,"column":-1}},"22":{"start":{"line":41,"column":8},"end":{"line":null,"column":-1}},"23":{"start":{"line":43,"column":16},"end":{"line":48,"column":17}},"24":{"start":{"line":44,"column":20},"end":{"line":null,"column":-1}},"25":{"start":{"line":45,"column":20},"end":{"line":null,"column":-1}},"26":{"start":{"line":46,"column":20},"end":{"line":null,"column":-1}},"27":{"start":{"line":47,"column":20},"end":{"line":null,"column":-1}},"28":{"start":{"line":49,"column":16},"end":{"line":null,"column":-1}},"29":{"start":{"line":51,"column":16},"end":{"line":null,"column":-1}},"30":{"start":{"line":56,"column":8},"end":{"line":null,"column":-1}},"31":{"start":{"line":60,"column":8},"end":{"line":null,"column":-1}},"32":{"start":{"line":65,"column":18},"end":{"line":65,"column":8}},"33":{"start":{"line":70,"column":8},"end":{"line":null,"column":-1}},"34":{"start":{"line":71,"column":12},"end":{"line":null,"column":-1}},"35":{"start":{"line":77,"column":8},"end":{"line":null,"column":-1}},"36":{"start":{"line":80,"column":118},"end":{"line":80,"column":20}},"37":{"start":{"line":81,"column":121},"end":{"line":80,"column":20}},"38":{"start":{"line":82,"column":84},"end":{"line":82,"column":20}},"39":{"start":{"line":89,"column":28},"end":{"line":89,"column":0}},"40":{"start":{"line":90,"column":4},"end":{"line":null,"column":-1}},"41":{"start":{"line":91,"column":65},"end":{"line":91,"column":73}},"42":{"start":{"line":95,"column":24},"end":{"line":95,"column":0}},"43":{"start":{"line":96,"column":4},"end":{"line":null,"column":-1}}},"fnMap":{"0":{"name":"(anonymous_0)","decl":{"start":{"line":12,"column":4},"end":{"line":12,"column":14}},"loc":{"start":{"line":12,"column":23},"end":{"line":20,"column":5}}},"1":{"name":"(anonymous_1)","decl":{"start":{"line":22,"column":4},"end":{"line":22,"column":18}},"loc":{"start":{"line":22,"column":23},"end":{"line":38,"column":5}}},"2":{"name":"(anonymous_2)","decl":{"start":{"line":24,"column":27},"end":{"line":24,"column":28}},"loc":{"start":{"line":24,"column":41},"end":{"line":24,"column":15}}},"3":{"name":"(anonymous_3)","decl":{"start":{"line":26,"column":48},"end":{"line":26,"column":46}},"loc":{"start":{"line":26,"column":58},"end":{"line":26,"column":12}}},"4":{"name":"(anonymous_4)","decl":{"start":{"line":30,"column":56},"end":{"line":30,"column":61}},"loc":{"start":{"line":30,"column":62},"end":{"line":30,"column":16}}},"5":{"name":"(anonymous_5)","decl":{"start":{"line":40,"column":4},"end":{"line":40,"column":15}},"loc":{"start":{"line":40,"column":25},"end":{"line":53,"column":5}}},"6":{"name":"(anonymous_6)","decl":{"start":{"line":55,"column":4},"end":{"line":55,"column":20}},"loc":{"start":{"line":55,"column":29},"end":{"line":57,"column":5}}},"7":{"name":"(anonymous_7)","decl":{"start":{"line":59,"column":4},"end":{"line":59,"column":23}},"loc":{"start":{"line":59,"column":32},"end":{"line":61,"column":5}}},"8":{"name":"(anonymous_8)","decl":{"start":{"line":64,"column":4},"end":{"line":64,"column":14}},"loc":{"start":{"line":64,"column":23},"end":{"line":74,"column":5}}},"9":{"name":"(anonymous_9)","decl":{"start":{"line":70,"column":32},"end":{"line":70,"column":30}},"loc":{"start":{"line":70,"column":43},"end":{"line":70,"column":8}}},"10":{"name":"(anonymous_10)","decl":{"start":{"line":76,"column":4},"end":{"line":76,"column":9}},"loc":{"start":{"line":76,"column":13},"end":{"line":87,"column":5}}},"11":{"name":"(anonymous_11)","decl":{"start":{"line":80,"column":108},"end":{"line":80,"column":106}},"loc":{"start":{"line":80,"column":118},"end":{"line":80,"column":20}}},"12":{"name":"(anonymous_12)","decl":{"start":{"line":81,"column":111},"end":{"line":81,"column":109}},"loc":{"start":{"line":81,"column":121},"end":{"line":80,"column":20}}},"13":{"name":"(anonymous_13)","decl":{"start":{"line":82,"column":74},"end":{"line":82,"column":72}},"loc":{"start":{"line":82,"column":84},"end":{"line":82,"column":20}}},"14":{"name":"(anonymous_14)","decl":{"start":{"line":89,"column":28},"end":{"line":89,"column":26}},"loc":{"start":{"line":89,"column":41},"end":{"line":89,"column":0}}},"15":{"name":"(anonymous_15)","decl":{"start":{"line":91,"column":21},"end":{"line":91,"column":22}},"loc":{"start":{"line":91,"column":65},"end":{"line":91,"column":73}}},"16":{"name":"(anonymous_16)","decl":{"start":{"line":95,"column":24},"end":{"line":95,"column":28}},"loc":{"start":{"line":95,"column":33},"end":{"line":95,"column":0}}}},"branchMap":{"0":{"loc":{"start":{"line":42,"column":12},"end":{"line":49,"column":16}},"type":"switch","locations":[{"start":{"line":42,"column":12},"end":{"line":49,"column":16}},{"start":{"line":50,"column":12},"end":{"line":51,"column":16}}]},"1":{"loc":{"start":{"line":43,"column":16},"end":{"line":48,"column":17}},"type":"if","locations":[{"start":{"line":43,"column":16},"end":{"line":48,"column":17}},{"start":{"line":43,"column":16},"end":{"line":48,"column":17}}]}},"s":{"0":0,"1":0,"2":0,"3":0,"4":0,"5":0,"6":0,"7":0,"8":0,"9":0,"10":0,"11":0,"12":0,"13":0,"14":0,"15":0,"16":0,"17":0,"18":0,"19":0,"20":0,"21":0,"22":0,"23":0,"24":0,"25":0,"26":0,"27":0,"28":0,"29":0,"30":0,"31":0,"32":0,"33":0,"34":0,"35":0,"36":0,"37":0,"38":0,"39":0,"40":0,"41":0,"42":0,"43":0},"f":{"0":0,"1":0,"2":0,"3":0,"4":0,"5":0,"6":0,"7":0,"8":0,"9":0,"10":0,"11":0,"12":0,"13":0,"14":0,"15":0,"16":0},"b":{"0":[0,0],"1":[0,0]}}
,"/home/charlie/nuf/front/src/containers/Centrifuge/Centrifuge.js": {"path":"/home/charlie/nuf/front/src/containers/Centrifuge/Centrifuge.js","statementMap":{"0":{"start":{"line":1,"column":0},"end":{"line":null,"column":-1}},"1":{"start":{"line":2,"column":0},"end":{"line":null,"column":-1}},"2":{"start":{"line":3,"column":0},"end":{"line":null,"column":-1}},"3":{"start":{"line":4,"column":0},"end":{"line":null,"column":-1}},"4":{"start":{"line":6,"column":0},"end":{"line":null,"column":-1}},"5":{"start":{"line":10,"column":2},"end":{"line":null,"column":-1}},"6":{"start":{"line":11,"column":16},"end":{"line":11,"column":2}},"7":{"start":{"line":12,"column":15},"end":{"line":12,"column":2}},"8":{"start":{"line":14,"column":21},"end":{"line":14,"column":2}},"9":{"start":{"line":15,"column":2},"end":{"line":null,"column":-1}},"10":{"start":{"line":16,"column":2},"end":{"line":null,"column":-1}},"11":{"start":{"line":17,"column":3},"end":{"line":null,"column":-1}},"12":{"start":{"line":19,"column":2},"end":{"line":null,"column":-1}},"13":{"start":{"line":20,"column":3},"end":{"line":null,"column":-1}},"14":{"start":{"line":21,"column":3},"end":{"line":23,"column":4}},"15":{"start":{"line":22,"column":4},"end":{"line":null,"column":-1}},"16":{"start":{"line":25,"column":2},"end":{"line":null,"column":-1}},"17":{"start":{"line":29,"column":2},"end":{"line":46,"column":3}},"18":{"start":{"line":30,"column":3},"end":{"line":null,"column":-1}},"19":{"start":{"line":31,"column":17},"end":{"line":31,"column":3}},"20":{"start":{"line":32,"column":16},"end":{"line":32,"column":3}},"21":{"start":{"line":34,"column":22},"end":{"line":34,"column":3}},"22":{"start":{"line":35,"column":3},"end":{"line":null,"column":-1}},"23":{"start":{"line":36,"column":3},"end":{"line":null,"column":-1}},"24":{"start":{"line":37,"column":4},"end":{"line":null,"column":-1}},"25":{"start":{"line":39,"column":3},"end":{"line":null,"column":-1}},"26":{"start":{"line":40,"column":4},"end":{"line":null,"column":-1}},"27":{"start":{"line":41,"column":4},"end":{"line":43,"column":5}},"28":{"start":{"line":42,"column":5},"end":{"line":null,"column":-1}},"29":{"start":{"line":45,"column":3},"end":{"line":null,"column":-1}},"30":{"start":{"line":51,"column":2},"end":{"line":null,"column":-1}},"31":{"start":{"line":59,"column":28},"end":{"line":59,"column":0}},"32":{"start":{"line":60,"column":2},"end":{"line":null,"column":-1}},"33":{"start":{"line":61,"column":60},"end":{"line":61,"column":68}},"34":{"start":{"line":65,"column":24},"end":{"line":65,"column":0}},"35":{"start":{"line":66,"column":2},"end":{"line":null,"column":-1}}},"fnMap":{"0":{"name":"(anonymous_0)","decl":{"start":{"line":9,"column":1},"end":{"line":9,"column":17}},"loc":{"start":{"line":9,"column":21},"end":{"line":26,"column":2}}},"1":{"name":"(anonymous_1)","decl":{"start":{"line":16,"column":27},"end":{"line":16,"column":32}},"loc":{"start":{"line":16,"column":33},"end":{"line":16,"column":2}}},"2":{"name":"(anonymous_2)","decl":{"start":{"line":19,"column":31},"end":{"line":19,"column":33}},"loc":{"start":{"line":19,"column":38},"end":{"line":19,"column":2}}},"3":{"name":"(anonymous_3)","decl":{"start":{"line":28,"column":1},"end":{"line":28,"column":18}},"loc":{"start":{"line":28,"column":52},"end":{"line":47,"column":2}}},"4":{"name":"(anonymous_4)","decl":{"start":{"line":36,"column":28},"end":{"line":36,"column":33}},"loc":{"start":{"line":36,"column":34},"end":{"line":36,"column":3}}},"5":{"name":"(anonymous_5)","decl":{"start":{"line":39,"column":32},"end":{"line":39,"column":34}},"loc":{"start":{"line":39,"column":39},"end":{"line":39,"column":3}}},"6":{"name":"(anonymous_6)","decl":{"start":{"line":50,"column":1},"end":{"line":50,"column":6}},"loc":{"start":{"line":50,"column":10},"end":{"line":54,"column":2}}},"7":{"name":"(anonymous_7)","decl":{"start":{"line":59,"column":28},"end":{"line":59,"column":26}},"loc":{"start":{"line":59,"column":41},"end":{"line":59,"column":0}}},"8":{"name":"(anonymous_8)","decl":{"start":{"line":61,"column":16},"end":{"line":61,"column":17}},"loc":{"start":{"line":61,"column":60},"end":{"line":61,"column":68}}},"9":{"name":"(anonymous_9)","decl":{"start":{"line":65,"column":24},"end":{"line":65,"column":28}},"loc":{"start":{"line":65,"column":33},"end":{"line":65,"column":0}}}},"branchMap":{"0":{"loc":{"start":{"line":21,"column":3},"end":{"line":23,"column":4}},"type":"if","locations":[{"start":{"line":21,"column":3},"end":{"line":23,"column":4}},{"start":{"line":21,"column":3},"end":{"line":23,"column":4}}]},"1":{"loc":{"start":{"line":29,"column":2},"end":{"line":46,"column":3}},"type":"if","locations":[{"start":{"line":29,"column":2},"end":{"line":46,"column":3}},{"start":{"line":29,"column":2},"end":{"line":46,"column":3}}]},"2":{"loc":{"start":{"line":41,"column":4},"end":{"line":43,"column":5}},"type":"if","locations":[{"start":{"line":41,"column":4},"end":{"line":43,"column":5}},{"start":{"line":41,"column":4},"end":{"line":43,"column":5}}]}},"s":{"0":0,"1":0,"2":0,"3":0,"4":0,"5":0,"6":0,"7":0,"8":0,"9":0,"10":0,"11":0,"12":0,"13":0,"14":0,"15":0,"16":0,"17":0,"18":0,"19":0,"20":0,"21":0,"22":0,"23":0,"24":0,"25":0,"26":0,"27":0,"28":0,"29":0,"30":0,"31":0,"32":0,"33":0,"34":0,"35":0},"f":{"0":0,"1":0,"2":0,"3":0,"4":0,"5":0,"6":0,"7":0,"8":0,"9":0},"b":{"0":[0,0],"1":[0,0],"2":[0,0]}}
,"/home/charlie/nuf/front/src/containers/EmojiViewer/EmojiViewer.js": {"path":"/home/charlie/nuf/front/src/containers/EmojiViewer/EmojiViewer.js","statementMap":{"0":{"start":{"line":1,"column":0},"end":{"line":null,"column":-1}},"1":{"start":{"line":3,"column":0},"end":{"line":null,"column":-1}},"2":{"start":{"line":5,"column":0},"end":{"line":null,"column":-1}},"3":{"start":{"line":8,"column":1},"end":{"line":null,"column":-1}}},"fnMap":{"0":{"name":"EmojiViewer","decl":{"start":{"line":7,"column":9},"end":{"line":7,"column":0}},"loc":{"start":{"line":7,"column":28},"end":{"line":21,"column":1}}}},"branchMap":{},"s":{"0":0,"1":0,"2":0,"3":0},"f":{"0":0},"b":{}}
,"/home/charlie/nuf/front/src/containers/MessageList/MessageList.js": {"path":"/home/charlie/nuf/front/src/containers/MessageList/MessageList.js","statementMap":{"0":{"start":{"line":1,"column":0},"end":{"line":null,"column":-1}},"1":{"start":{"line":2,"column":0},"end":{"line":null,"column":-1}},"2":{"start":{"line":3,"column":0},"end":{"line":null,"column":-1}},"3":{"start":{"line":4,"column":0},"end":{"line":null,"column":-1}},"4":{"start":{"line":5,"column":0},"end":{"line":null,"column":-1}},"5":{"start":{"line":7,"column":0},"end":{"line":null,"column":-1}},"6":{"start":{"line":9,"column":0},"end":{"line":null,"column":-1}},"7":{"start":{"line":10,"column":0},"end":{"line":null,"column":-1}},"8":{"start":{"line":12,"column":0},"end":{"line":null,"column":-1}},"9":{"start":{"line":16,"column":2},"end":{"line":null,"column":-1}},"10":{"start":{"line":18,"column":2},"end":{"line":null,"column":-1}},"11":{"start":{"line":27,"column":21},"end":{"line":27,"column":2}},"12":{"start":{"line":28,"column":2},"end":{"line":null,"column":-1}},"13":{"start":{"line":29,"column":18},"end":{"line":29,"column":3}},"14":{"start":{"line":30,"column":3},"end":{"line":null,"column":-1}},"15":{"start":{"line":31,"column":19},"end":{"line":31,"column":4}},"16":{"start":{"line":32,"column":4},"end":{"line":null,"column":-1}},"17":{"start":{"line":33,"column":4},"end":{"line":null,"column":-1}},"18":{"start":{"line":34,"column":4},"end":{"line":null,"column":-1}},"19":{"start":{"line":35,"column":5},"end":{"line":null,"column":-1}},"20":{"start":{"line":37,"column":4},"end":{"line":null,"column":-1}},"21":{"start":{"line":39,"column":3},"end":{"line":null,"column":-1}},"22":{"start":{"line":40,"column":3},"end":{"line":null,"column":-1}},"23":{"start":{"line":45,"column":2},"end":{"line":47,"column":3}},"24":{"start":{"line":46,"column":3},"end":{"line":null,"column":-1}},"25":{"start":{"line":48,"column":2},"end":{"line":54,"column":3}},"26":{"start":{"line":49,"column":3},"end":{"line":null,"column":-1}},"27":{"start":{"line":50,"column":19},"end":{"line":50,"column":4}},"28":{"start":{"line":51,"column":4},"end":{"line":null,"column":-1}},"29":{"start":{"line":52,"column":4},"end":{"line":null,"column":-1}},"30":{"start":{"line":59,"column":2},"end":{"line":null,"column":-1}},"31":{"start":{"line":60,"column":2},"end":{"line":null,"column":-1}},"32":{"start":{"line":61,"column":13},"end":{"line":61,"column":2}},"33":{"start":{"line":65,"column":2},"end":{"line":null,"column":-1}},"34":{"start":{"line":66,"column":3},"end":{"line":null,"column":-1}},"35":{"start":{"line":69,"column":13},"end":{"line":69,"column":2}},"36":{"start":{"line":74,"column":2},"end":{"line":null,"column":-1}},"37":{"start":{"line":75,"column":3},"end":{"line":null,"column":-1}},"38":{"start":{"line":80,"column":2},"end":{"line":100,"column":3}},"39":{"start":{"line":81,"column":3},"end":{"line":null,"column":-1}},"40":{"start":{"line":82,"column":3},"end":{"line":null,"column":-1}},"41":{"start":{"line":84,"column":14},"end":{"line":84,"column":3}},"42":{"start":{"line":88,"column":3},"end":{"line":null,"column":-1}},"43":{"start":{"line":89,"column":4},"end":{"line":null,"column":-1}},"44":{"start":{"line":92,"column":14},"end":{"line":92,"column":3}},"45":{"start":{"line":97,"column":3},"end":{"line":null,"column":-1}},"46":{"start":{"line":98,"column":4},"end":{"line":null,"column":-1}},"47":{"start":{"line":105,"column":2},"end":{"line":114,"column":3}},"48":{"start":{"line":106,"column":3},"end":{"line":108,"column":4}},"49":{"start":{"line":107,"column":4},"end":{"line":null,"column":-1}},"50":{"start":{"line":109,"column":3},"end":{"line":113,"column":4}},"51":{"start":{"line":110,"column":13},"end":{"line":110,"column":4}},"52":{"start":{"line":111,"column":17},"end":{"line":111,"column":4}},"53":{"start":{"line":112,"column":4},"end":{"line":null,"column":-1}},"54":{"start":{"line":119,"column":2},"end":{"line":null,"column":-1}},"55":{"start":{"line":125,"column":19},"end":{"line":124,"column":42}},"56":{"start":{"line":137,"column":24},"end":{"line":137,"column":0}},"57":{"start":{"line":138,"column":4},"end":{"line":null,"column":-1}},"58":{"start":{"line":144,"column":28},"end":{"line":144,"column":0}},"59":{"start":{"line":145,"column":4},"end":{"line":null,"column":-1}},"60":{"start":{"line":146,"column":67},"end":{"line":145,"column":12}},"61":{"start":{"line":147,"column":57},"end":{"line":145,"column":12}},"62":{"start":{"line":148,"column":26},"end":{"line":148,"column":34}}},"fnMap":{"0":{"name":"(anonymous_0)","decl":{"start":{"line":15,"column":1},"end":{"line":15,"column":11}},"loc":{"start":{"line":15,"column":20},"end":{"line":24,"column":2}}},"1":{"name":"(anonymous_1)","decl":{"start":{"line":26,"column":1},"end":{"line":26,"column":15}},"loc":{"start":{"line":26,"column":20},"end":{"line":42,"column":2}}},"2":{"name":"(anonymous_2)","decl":{"start":{"line":28,"column":21},"end":{"line":28,"column":22}},"loc":{"start":{"line":28,"column":35},"end":{"line":28,"column":9}}},"3":{"name":"(anonymous_3)","decl":{"start":{"line":30,"column":39},"end":{"line":30,"column":37}},"loc":{"start":{"line":30,"column":49},"end":{"line":30,"column":3}}},"4":{"name":"(anonymous_4)","decl":{"start":{"line":34,"column":44},"end":{"line":34,"column":49}},"loc":{"start":{"line":34,"column":50},"end":{"line":34,"column":4}}},"5":{"name":"(anonymous_5)","decl":{"start":{"line":44,"column":1},"end":{"line":44,"column":19}},"loc":{"start":{"line":44,"column":29},"end":{"line":55,"column":2}}},"6":{"name":"(anonymous_6)","decl":{"start":{"line":49,"column":23},"end":{"line":49,"column":25}},"loc":{"start":{"line":49,"column":30},"end":{"line":49,"column":3}}},"7":{"name":"(anonymous_7)","decl":{"start":{"line":58,"column":1},"end":{"line":58,"column":17}},"loc":{"start":{"line":58,"column":21},"end":{"line":77,"column":2}}},"8":{"name":"(anonymous_8)","decl":{"start":{"line":65,"column":26},"end":{"line":65,"column":24}},"loc":{"start":{"line":65,"column":37},"end":{"line":65,"column":2}}},"9":{"name":"(anonymous_9)","decl":{"start":{"line":74,"column":26},"end":{"line":74,"column":24}},"loc":{"start":{"line":74,"column":37},"end":{"line":74,"column":2}}},"10":{"name":"(anonymous_10)","decl":{"start":{"line":79,"column":1},"end":{"line":79,"column":18}},"loc":{"start":{"line":79,"column":52},"end":{"line":102,"column":2}}},"11":{"name":"(anonymous_11)","decl":{"start":{"line":88,"column":27},"end":{"line":88,"column":25}},"loc":{"start":{"line":88,"column":38},"end":{"line":88,"column":3}}},"12":{"name":"(anonymous_12)","decl":{"start":{"line":97,"column":27},"end":{"line":97,"column":25}},"loc":{"start":{"line":97,"column":38},"end":{"line":97,"column":3}}},"13":{"name":"(anonymous_13)","decl":{"start":{"line":104,"column":1},"end":{"line":104,"column":11}},"loc":{"start":{"line":104,"column":18},"end":{"line":115,"column":2}}},"14":{"name":"(anonymous_14)","decl":{"start":{"line":118,"column":1},"end":{"line":118,"column":6}},"loc":{"start":{"line":118,"column":10},"end":{"line":134,"column":2}}},"15":{"name":"(anonymous_15)","decl":{"start":{"line":124,"column":70},"end":{"line":124,"column":76}},"loc":{"start":{"line":125,"column":19},"end":{"line":124,"column":42}}},"16":{"name":"(anonymous_16)","decl":{"start":{"line":137,"column":24},"end":{"line":137,"column":28}},"loc":{"start":{"line":137,"column":33},"end":{"line":137,"column":0}}},"17":{"name":"(anonymous_17)","decl":{"start":{"line":144,"column":28},"end":{"line":144,"column":26}},"loc":{"start":{"line":144,"column":41},"end":{"line":144,"column":0}}},"18":{"name":"(anonymous_18)","decl":{"start":{"line":146,"column":17},"end":{"line":146,"column":18}},"loc":{"start":{"line":146,"column":67},"end":{"line":145,"column":12}}},"19":{"name":"(anonymous_19)","decl":{"start":{"line":147,"column":21},"end":{"line":147,"column":22}},"loc":{"start":{"line":147,"column":57},"end":{"line":145,"column":12}}},"20":{"name":"(anonymous_20)","decl":{"start":{"line":148,"column":20},"end":{"line":148,"column":25}},"loc":{"start":{"line":148,"column":26},"end":{"line":148,"column":34}}}},"branchMap":{"0":{"loc":{"start":{"line":45,"column":2},"end":{"line":47,"column":3}},"type":"if","locations":[{"start":{"line":45,"column":2},"end":{"line":47,"column":3}},{"start":{"line":45,"column":2},"end":{"line":47,"column":3}}]},"1":{"loc":{"start":{"line":48,"column":2},"end":{"line":54,"column":3}},"type":"if","locations":[{"start":{"line":48,"column":2},"end":{"line":54,"column":3}},{"start":{"line":48,"column":2},"end":{"line":54,"column":3}}]},"2":{"loc":{"start":{"line":51,"column":40},"end":{"line":51,"column":4}},"type":"cond-expr","locations":[{"start":{"line":51,"column":40},"end":{"line":51,"column":4}},{"start":{"line":51,"column":58},"end":{"line":51,"column":4}}]},"3":{"loc":{"start":{"line":80,"column":2},"end":{"line":100,"column":3}},"type":"if","locations":[{"start":{"line":80,"column":2},"end":{"line":100,"column":3}},{"start":{"line":80,"column":2},"end":{"line":100,"column":3}}]},"4":{"loc":{"start":{"line":105,"column":2},"end":{"line":114,"column":3}},"type":"if","locations":[{"start":{"line":105,"column":2},"end":{"line":114,"column":3}},{"start":{"line":105,"column":2},"end":{"line":114,"column":3}}]},"5":{"loc":{"start":{"line":106,"column":3},"end":{"line":108,"column":4}},"type":"if","locations":[{"start":{"line":106,"column":3},"end":{"line":108,"column":4}},{"start":{"line":106,"column":3},"end":{"line":108,"column":4}}]},"6":{"loc":{"start":{"line":109,"column":3},"end":{"line":113,"column":4}},"type":"if","locations":[{"start":{"line":109,"column":3},"end":{"line":113,"column":4}},{"start":{"line":109,"column":3},"end":{"line":113,"column":4}}]},"7":{"loc":{"start":{"line":124,"column":42},"end":{"line":124,"column":16}},"type":"cond-expr","locations":[{"start":{"line":124,"column":42},"end":{"line":124,"column":16}},{"start":{"line":129,"column":16},"end":{"line":123,"column":11}}]}},"s":{"0":0,"1":0,"2":0,"3":0,"4":0,"5":0,"6":0,"7":0,"8":0,"9":0,"10":0,"11":0,"12":0,"13":0,"14":0,"15":0,"16":0,"17":0,"18":0,"19":0,"20":0,"21":0,"22":0,"23":0,"24":0,"25":0,"26":0,"27":0,"28":0,"29":0,"30":0,"31":0,"32":0,"33":0,"34":0,"35":0,"36":0,"37":0,"38":0,"39":0,"40":0,"41":0,"42":0,"43":0,"44":0,"45":0,"46":0,"47":0,"48":0,"49":0,"50":0,"51":0,"52":0,"53":0,"54":0,"55":0,"56":0,"57":0,"58":0,"59":0,"60":0,"61":0,"62":0},"f":{"0":0,"1":0,"2":0,"3":0,"4":0,"5":0,"6":0,"7":0,"8":0,"9":0,"10":0,"11":0,"12":0,"13":0,"14":0,"15":0,"16":0,"17":0,"18":0,"19":0,"20":0},"b":{"0":[0,0],"1":[0,0],"2":[0,0],"3":[0,0],"4":[0,0],"5":[0,0],"6":[0,0],"7":[0,0]}}
,"/home/charlie/nuf/front/src/containers/Navbar/Navbar.js": {"path":"/home/charlie/nuf/front/src/containers/Navbar/Navbar.js","statementMap":{"0":{"start":{"line":1,"column":0},"end":{"line":null,"column":-1}},"1":{"start":{"line":2,"column":0},"end":{"line":null,"column":-1}},"2":{"start":{"line":3,"column":0},"end":{"line":null,"column":-1}},"3":{"start":{"line":4,"column":0},"end":{"line":null,"column":-1}},"4":{"start":{"line":6,"column":0},"end":{"line":null,"column":-1}},"5":{"start":{"line":7,"column":0},"end":{"line":null,"column":-1}},"6":{"start":{"line":9,"column":0},"end":{"line":null,"column":-1}},"7":{"start":{"line":13,"column":31},"end":{"line":null,"column":-1}},"8":{"start":{"line":20,"column":27},"end":{"line":20,"column":8}},"9":{"start":{"line":21,"column":8},"end":{"line":null,"column":-1}},"10":{"start":{"line":22,"column":27},"end":{"line":22,"column":12}},"11":{"start":{"line":23,"column":12},"end":{"line":null,"column":-1}},"12":{"start":{"line":24,"column":31},"end":{"line":24,"column":16}},"13":{"start":{"line":25,"column":16},"end":{"line":null,"column":-1}},"14":{"start":{"line":26,"column":16},"end":{"line":null,"column":-1}},"15":{"start":{"line":27,"column":16},"end":{"line":null,"column":-1}},"16":{"start":{"line":28,"column":20},"end":{"line":null,"column":-1}},"17":{"start":{"line":30,"column":16},"end":{"line":null,"column":-1}},"18":{"start":{"line":32,"column":12},"end":{"line":null,"column":-1}},"19":{"start":{"line":33,"column":12},"end":{"line":null,"column":-1}},"20":{"start":{"line":38,"column":8},"end":{"line":null,"column":-1}},"21":{"start":{"line":40,"column":16},"end":{"line":null,"column":-1}},"22":{"start":{"line":41,"column":16},"end":{"line":null,"column":-1}},"23":{"start":{"line":43,"column":16},"end":{"line":null,"column":-1}},"24":{"start":{"line":48,"column":18},"end":{"line":48,"column":8}},"25":{"start":{"line":52,"column":8},"end":{"line":null,"column":-1}},"26":{"start":{"line":53,"column":12},"end":{"line":null,"column":-1}},"27":{"start":{"line":58,"column":8},"end":{"line":null,"column":-1}},"28":{"start":{"line":59,"column":8},"end":{"line":null,"column":-1}},"29":{"start":{"line":60,"column":8},"end":{"line":null,"column":-1}},"30":{"start":{"line":61,"column":8},"end":{"line":null,"column":-1}},"31":{"start":{"line":65,"column":29},"end":{"line":65,"column":8}},"32":{"start":{"line":66,"column":8},"end":{"line":68,"column":9}},"33":{"start":{"line":67,"column":12},"end":{"line":null,"column":-1}},"34":{"start":{"line":69,"column":8},"end":{"line":null,"column":-1}},"35":{"start":{"line":82,"column":85},"end":{"line":82,"column":20}},"36":{"start":{"line":89,"column":28},"end":{"line":89,"column":0}},"37":{"start":{"line":90,"column":4},"end":{"line":null,"column":-1}},"38":{"start":{"line":91,"column":37},"end":{"line":90,"column":14}},"39":{"start":{"line":92,"column":65},"end":{"line":90,"column":14}},"40":{"start":{"line":93,"column":33},"end":{"line":93,"column":41}},"41":{"start":{"line":97,"column":24},"end":{"line":97,"column":0}},"42":{"start":{"line":98,"column":4},"end":{"line":null,"column":-1}}},"fnMap":{"0":{"name":"(anonymous_0)","decl":{"start":{"line":13,"column":31},"end":{"line":null,"column":-1}},"loc":{"start":{"line":13,"column":31},"end":{"line":null,"column":-1}}},"1":{"name":"(anonymous_1)","decl":{"start":{"line":19,"column":4},"end":{"line":19,"column":18}},"loc":{"start":{"line":19,"column":23},"end":{"line":35,"column":5}}},"2":{"name":"(anonymous_2)","decl":{"start":{"line":21,"column":27},"end":{"line":21,"column":28}},"loc":{"start":{"line":21,"column":41},"end":{"line":21,"column":15}}},"3":{"name":"(anonymous_3)","decl":{"start":{"line":23,"column":48},"end":{"line":23,"column":46}},"loc":{"start":{"line":23,"column":58},"end":{"line":23,"column":12}}},"4":{"name":"(anonymous_4)","decl":{"start":{"line":27,"column":56},"end":{"line":27,"column":61}},"loc":{"start":{"line":27,"column":62},"end":{"line":27,"column":16}}},"5":{"name":"(anonymous_5)","decl":{"start":{"line":37,"column":4},"end":{"line":37,"column":15}},"loc":{"start":{"line":37,"column":25},"end":{"line":45,"column":5}}},"6":{"name":"(anonymous_6)","decl":{"start":{"line":47,"column":4},"end":{"line":47,"column":20}},"loc":{"start":{"line":47,"column":24},"end":{"line":55,"column":5}}},"7":{"name":"(anonymous_7)","decl":{"start":{"line":52,"column":32},"end":{"line":52,"column":30}},"loc":{"start":{"line":52,"column":43},"end":{"line":52,"column":8}}},"8":{"name":"(anonymous_8)","decl":{"start":{"line":57,"column":4},"end":{"line":57,"column":9}},"loc":{"start":{"line":57,"column":17},"end":{"line":62,"column":5}}},"9":{"name":"(anonymous_9)","decl":{"start":{"line":64,"column":4},"end":{"line":64,"column":9}},"loc":{"start":{"line":64,"column":13},"end":{"line":86,"column":5}}},"10":{"name":"(anonymous_10)","decl":{"start":{"line":82,"column":75},"end":{"line":82,"column":73}},"loc":{"start":{"line":82,"column":85},"end":{"line":82,"column":20}}},"11":{"name":"(anonymous_11)","decl":{"start":{"line":89,"column":28},"end":{"line":89,"column":26}},"loc":{"start":{"line":89,"column":41},"end":{"line":89,"column":0}}},"12":{"name":"(anonymous_12)","decl":{"start":{"line":91,"column":19},"end":{"line":91,"column":20}},"loc":{"start":{"line":91,"column":37},"end":{"line":90,"column":14}}},"13":{"name":"(anonymous_13)","decl":{"start":{"line":92,"column":21},"end":{"line":92,"column":22}},"loc":{"start":{"line":92,"column":65},"end":{"line":90,"column":14}}},"14":{"name":"(anonymous_14)","decl":{"start":{"line":93,"column":27},"end":{"line":93,"column":32}},"loc":{"start":{"line":93,"column":33},"end":{"line":93,"column":41}}},"15":{"name":"(anonymous_15)","decl":{"start":{"line":97,"column":24},"end":{"line":97,"column":28}},"loc":{"start":{"line":97,"column":33},"end":{"line":97,"column":0}}}},"branchMap":{"0":{"loc":{"start":{"line":39,"column":12},"end":{"line":41,"column":16}},"type":"switch","locations":[{"start":{"line":39,"column":12},"end":{"line":41,"column":16}},{"start":{"line":42,"column":12},"end":{"line":43,"column":16}}]},"1":{"loc":{"start":{"line":66,"column":8},"end":{"line":68,"column":9}},"type":"if","locations":[{"start":{"line":66,"column":8},"end":{"line":68,"column":9}},{"start":{"line":66,"column":8},"end":{"line":68,"column":9}}]}},"s":{"0":0,"1":0,"2":0,"3":0,"4":0,"5":0,"6":0,"7":0,"8":0,"9":0,"10":0,"11":0,"12":0,"13":0,"14":0,"15":0,"16":0,"17":0,"18":0,"19":0,"20":0,"21":0,"22":0,"23":0,"24":0,"25":0,"26":0,"27":0,"28":0,"29":0,"30":0,"31":0,"32":0,"33":0,"34":0,"35":0,"36":0,"37":0,"38":0,"39":0,"40":0,"41":0,"42":0},"f":{"0":0,"1":0,"2":0,"3":0,"4":0,"5":0,"6":0,"7":0,"8":0,"9":0,"10":0,"11":0,"12":0,"13":0,"14":0,"15":0},"b":{"0":[0,0],"1":[0,0]}}
,"/home/charlie/nuf/front/src/containers/Profile/Profile.js": {"path":"/home/charlie/nuf/front/src/containers/Profile/Profile.js","statementMap":{"0":{"start":{"line":1,"column":0},"end":{"line":null,"column":-1}},"1":{"start":{"line":2,"column":0},"end":{"line":null,"column":-1}},"2":{"start":{"line":4,"column":0},"end":{"line":null,"column":-1}},"3":{"start":{"line":5,"column":0},"end":{"line":null,"column":-1}},"4":{"start":{"line":7,"column":0},"end":{"line":null,"column":-1}},"5":{"start":{"line":12,"column":27},"end":{"line":11,"column":24}},"6":{"start":{"line":11,"column":24},"end":{"line":null,"column":-1}},"7":{"start":{"line":13,"column":23},"end":{"line":13,"column":1}},"8":{"start":{"line":14,"column":2},"end":{"line":null,"column":-1}},"9":{"start":{"line":17,"column":39},"end":{"line":11,"column":24}},"10":{"start":{"line":18,"column":4},"end":{"line":null,"column":-1}},"11":{"start":{"line":19,"column":12},"end":{"line":19,"column":2}},"12":{"start":{"line":23,"column":2},"end":{"line":null,"column":-1}},"13":{"start":{"line":24,"column":3},"end":{"line":null,"column":-1}},"14":{"start":{"line":28,"column":24},"end":{"line":28,"column":1}},"15":{"start":{"line":29,"column":2},"end":{"line":null,"column":-1}},"16":{"start":{"line":31,"column":4},"end":{"line":null,"column":-1}},"17":{"start":{"line":32,"column":4},"end":{"line":null,"column":-1}},"18":{"start":{"line":34,"column":4},"end":{"line":null,"column":-1}},"19":{"start":{"line":38,"column":25},"end":{"line":38,"column":1}},"20":{"start":{"line":39,"column":21},"end":{"line":39,"column":2}},"21":{"start":{"line":40,"column":2},"end":{"line":null,"column":-1}},"22":{"start":{"line":41,"column":18},"end":{"line":41,"column":3}},"23":{"start":{"line":42,"column":3},"end":{"line":null,"column":-1}},"24":{"start":{"line":43,"column":19},"end":{"line":43,"column":4}},"25":{"start":{"line":44,"column":4},"end":{"line":null,"column":-1}},"26":{"start":{"line":45,"column":4},"end":{"line":null,"column":-1}},"27":{"start":{"line":46,"column":4},"end":{"line":null,"column":-1}},"28":{"start":{"line":47,"column":5},"end":{"line":null,"column":-1}},"29":{"start":{"line":49,"column":4},"end":{"line":null,"column":-1}},"30":{"start":{"line":51,"column":3},"end":{"line":null,"column":-1}},"31":{"start":{"line":52,"column":3},"end":{"line":null,"column":-1}},"32":{"start":{"line":56,"column":22},"end":{"line":56,"column":1}},"33":{"start":{"line":59,"column":27},"end":{"line":59,"column":1}},"34":{"start":{"line":60,"column":2},"end":{"line":76,"column":3}},"35":{"start":{"line":61,"column":3},"end":{"line":null,"column":-1}},"36":{"start":{"line":62,"column":16},"end":{"line":62,"column":3}},"37":{"start":{"line":64,"column":14},"end":{"line":64,"column":3}},"38":{"start":{"line":71,"column":3},"end":{"line":null,"column":-1}},"39":{"start":{"line":72,"column":4},"end":{"line":null,"column":-1}},"40":{"start":{"line":75,"column":3},"end":{"line":null,"column":-1}},"41":{"start":{"line":80,"column":24},"end":{"line":80,"column":1}},"42":{"start":{"line":81,"column":1},"end":{"line":null,"column":-1}},"43":{"start":{"line":85,"column":80},"end":{"line":85,"column":9}},"44":{"start":{"line":86,"column":48},"end":{"line":85,"column":9}}},"fnMap":{"0":{"name":"Profile","decl":{"start":{"line":11,"column":9},"end":{"line":11,"column":0}},"loc":{"start":{"line":11,"colu
[...]
tart":{"line":64,"column":3},"end":{"line":68,"column":4}},{"start":{"line":69,"column":3},"end":{"line":72,"column":4}},{"start":{"line":73,"column":3},"end":{"line":74,"column":4}}]},"1":{"loc":{"start":{"line":54,"column":5},"end":{"line":56,"column":6}},"type":"if","locations":[{"start":{"line":54,"column":5},"end":{"line":56,"column":6}},{"start":{"line":54,"column":5},"end":{"line":56,"column":6}}]},"2":{"loc":{"start":{"line":105,"column":2},"end":{"line":116,"column":3}},"type":"if","locations":[{"start":{"line":105,"column":2},"end":{"line":116,"column":3}},{"start":{"line":105,"column":2},"end":{"line":116,"column":3}}]},"3":{"loc":{"start":{"line":117,"column":2},"end":{"line":128,"column":3}},"type":"if","locations":[{"start":{"line":117,"column":2},"end":{"line":128,"column":3}},{"start":{"line":117,"column":2},"end":{"line":128,"column":3}}]},"4":{"loc":{"start":{"line":141,"column":8},"end":{"line":140,"column":8}},"type":"cond-expr","locations":[{"start":{"line":141,"column":8},"end":{"line":140,"column":8}},{"start":{"line":149,"column":8},"end":{"line":135,"column":3}}]},"5":{"loc":{"start":{"line":140,"column":9},"end":{"line":140,"column":8}},"type":"binary-expr","locations":[{"start":{"line":140,"column":9},"end":{"line":140,"column":8}},{"start":{"line":140,"column":53},"end":{"line":140,"column":8}}]}},"s":{"0":0,"1":0,"2":0,"3":0,"4":0,"5":0,"6":0,"7":0,"8":0,"9":0,"10":0,"11":0,"12":0,"13":0,"14":0,"15":0,"16":0,"17":0,"18":0,"19":0,"20":0,"21":0,"22":0,"23":0,"24":0,"25":0,"26":0,"27":0,"28":0,"29":0,"30":0,"31":0,"32":0,"33":0,"34":0,"35":0,"36":0,"37":0,"38":0,"39":0,"40":0,"41":0,"42":0,"43":0,"44":0,"45":0,"46":0,"47":0,"48":0,"49":0,"50":0,"51":0,"52":0,"53":0,"54":0,"55":0,"56":0,"57":0,"58":0,"59":0,"60":0,"61":0,"62":0,"63":0,"64":0,"65":0,"66":0,"67":0,"68":0,"69":0,"70":0,"71":0,"72":0,"73":0,"74":0,"75":0,"76":0,"77":0,"78":0,"79":0},"f":{"0":0,"1":0,"2":0,"3":0,"4":0,"5":0,"6":0,"7":0,"8":0,"9":0,"10":0,"11":0,"12":0,"13":0,"14":0,"15":0,"16":0,"17":0,"18":0,"19":0,"20":0,"21":0,"22":0,"23":0,"24":0,"25":0,"26":0,"27":0},"b":{"0":[0,0,0,0,0],"1":[0,0],"2":[0,0],"3":[0,0],"4":[0,0],"5":[0,0]}}
,"/home/charlie/nuf/front/src/hoc/Aux/Aux.js": {"path":"/home/charlie/nuf/front/src/hoc/Aux/Aux.js","statementMap":{"0":{"start":{"line":1,"column":13},"end":{"line":1,"column":0}},"1":{"start":{"line":1,"column":23},"end":{"line":1,"column":0}}},"fnMap":{"0":{"name":"(anonymous_0)","decl":{"start":{"line":1,"column":13},"end":{"line":1,"column":11}},"loc":{"start":{"line":1,"column":23},"end":{"line":1,"column":0}}}},"branchMap":{},"s":{"0":0,"1":0},"f":{"0":0},"b":{}}
,"/home/charlie/nuf/front/src/modules/getReadableSize.js": {"path":"/home/charlie/nuf/front/src/modules/getReadableSize.js","statementMap":{"0":{"start":{"line":2,"column":4},"end":{"line":4,"column":5}},"1":{"start":{"line":3,"column":8},"end":{"line":3,"column":39}},"2":{"start":{"line":6,"column":4},"end":{"line":8,"column":5}},"3":{"start":{"line":7,"column":8},"end":{"line":7,"column":21}},"4":{"start":{"line":9,"column":17},"end":{"line":9,"column":33}},"5":{"start":{"line":10,"column":4},"end":{"line":12,"column":5}},"6":{"start":{"line":11,"column":8},"end":{"line":11,"column":28}},"7":{"start":{"line":13,"column":16},"end":{"line":15,"column":59}},"8":{"start":{"line":16,"column":12},"end":{"line":16,"column":14}},"9":{"start":{"line":17,"column":4},"end":{"line":20,"column":63}},"10":{"start":{"line":18,"column":8},"end":{"line":18,"column":24}},"11":{"start":{"line":19,"column":8},"end":{"line":19,"column":12}},"12":{"start":{"line":21,"column":4},"end":{"line":21,"column":41}}},"fnMap":{"0":{"name":"getReadableSize","decl":{"start":{"line":1,"column":16},"end":{"line":1,"column":31}},"loc":{"start":{"line":1,"column":43},"end":{"line":22,"column":1}},"line":1}},"branchMap":{"0":{"loc":{"start":{"line":2,"column":4},"end":{"line":4,"column":5}},"type":"if","locations":[{"start":{"line":2,"column":4},"end":{"line":4,"column":5}},{"start":{"line":2,"column":4},"end":{"line":4,"column":5}}],"line":2},"1":{"loc":{"start":{"line":6,"column":4},"end":{"line":8,"column":5}},"type":"if","locations":[{"start":{"line":6,"column":4},"end":{"line":8,"column":5}},{"start":{"line":6,"column":4},"end":{"line":8,"column":5}}],"line":6},"2":{"loc":{"start":{"line":9,"column":17},"end":{"line":9,"column":33}},"type":"cond-expr","locations":[{"start":{"line":9,"column":22},"end":{"line":9,"column":26}},{"start":{"line":9,"column":29},"end":{"line":9,"column":33}}],"line":9},"3":{"loc":{"start":{"line":10,"column":4},"end":{"line":12,"column":5}},"type":"if","locations":[{"start":{"line":10,"column":4},"end":{"line":12,"column":5}},{"start":{"line":10,"column":4},"end":{"line":12,"column":5}}],"line":10},"4":{"loc":{"start":{"line":13,"column":16},"end":{"line":15,"column":59}},"type":"cond-expr","locations":[{"start":{"line":14,"column":10},"end":{"line":14,"column":51}},{"start":{"line":15,"column":10},"end":{"line":15,"column":59}}],"line":13},"5":{"loc":{"start":{"line":20,"column":12},"end":{"line":20,"column":61}},"type":"binary-expr","locations":[{"start":{"line":20,"column":12},"end":{"line":20,"column":37}},{"start":{"line":20,"column":41},"end":{"line":20,"column":61}}],"line":20}},"s":{"0":12,"1":1,"2":11,"3":3,"4":8,"5":8,"6":1,"7":7,"8":7,"9":7,"10":8,"11":8,"12":7},"f":{"0":12},"b":{"0":[1,11],"1":[3,8],"2":[2,6],"3":[1,7],"4":[1,6],"5":[8,1]},"_coverageSchema":"332fd63041d2c1bcb487cc26dd0d5f7d97098a6c","hash":"23e954a2c9191ac6b96ae018b266c7d7236ff953"}
,"/home/charlie/nuf/front/src/store/utility.js": {"path":"/home/charlie/nuf/front/src/store/utility.js","statementMap":{"0":{"start":{"line":1,"column":28},"end":{"line":1,"column":7}},"1":{"start":{"line":2,"column":4},"end":{"line":null,"column":-1}}},"fnMap":{"0":{"name":"(anonymous_0)","decl":{"start":{"line":1,"column":28},"end":{"line":1,"column":29}},"loc":{"start":{"line":1,"column":58},"end":{"line":1,"column":7}}}},"branchMap":{},"s":{"0":0,"1":0},"f":{"0":0},"b":{}}
,"/home/charlie/nuf/front/src/store/actions/actionTypes.js": {"path":"/home/charlie/nuf/front/src/store/actions/actionTypes.js","statementMap":{"0":{"start":{"line":1,"column":26},"end":{"line":1,"column":7}},"1":{"start":{"line":2,"column":28},"end":{"line":2,"column":7}},"2":{"start":{"line":3,"column":27},"end":{"line":3,"column":7}},"3":{"start":{"line":5,"column":28},"end":{"line":5,"column":7}},"4":{"start":{"line":6,"column":28},"end":{"line":6,"column":7}},"5":{"start":{"line":8,"column":27},"end":{"line":8,"column":7}},"6":{"start":{"line":9,"column":32},"end":{"line":9,"column":7}},"7":{"start":{"line":11,"column":24},"end":{"line":11,"column":7}},"8":{"start":{"line":12,"column":26},"end":{"line":12,"column":7}},"9":{"start":{"line":13,"column":28},"end":{"line":13,"column":7}},"10":{"start":{"line":15,"column":25},"end":{"line":15,"column":7}},"11":{"start":{"line":16,"column":21},"end":{"line":16,"column":7}},"12":{"start":{"line":18,"column":30},"end":{"line":18,"column":7}},"13":{"start":{"line":19,"column":35},"end":{"line":19,"column":7}},"14":{"start":{"line":21,"column":33},"end":{"line":21,"column":7}},"15":{"start":{"line":22,"column":32},"end":{"line":22,"column":7}}},"fnMap":{},"branchMap":{},"s":{"0":0,"1":0,"2":0,"3":0,"4":0,"5":0,"6":0,"7":0,"8":0,"9":0,"10":0,"11":0,"12":0,"13":0,"14":0,"15":0},"f":{},"b":{}}
,"/home/charlie/nuf/front/src/store/actions/chat.js": {"path":"/home/charlie/nuf/front/src/store/actions/chat.js","statementMap":{"0":{"start":{"line":1,"column":0},"end":{"line":null,"column":-1}},"1":{"start":{"line":5,"column":24},"end":{"line":5,"column":7}},"2":{"start":{"line":5,"column":40},"end":{"line":5,"column":24}},"3":{"start":{"line":14,"column":30},"end":{"line":14,"column":7}},"4":{"start":{"line":14,"column":37},"end":{"line":14,"column":30}}},"fnMap":{"0":{"name":"(anonymous_0)","decl":{"start":{"line":5,"column":24},"end":{"line":5,"column":25}},"loc":{"start":{"line":5,"column":40},"end":{"line":5,"column":24}}},"1":{"name":"(anonymous_1)","decl":{"start":{"line":14,"column":30},"end":{"line":14,"column":36}},"loc":{"start":{"line":14,"column":37},"end":{"line":14,"column":30}}}},"branchMap":{},"s":{"0":0,"1":0,"2":0,"3":0,"4":0},"f":{"0":0,"1":0},"b":{}}
,"/home/charlie/nuf/front/src/store/actions/index.js": {"path":"/home/charlie/nuf/front/src/store/actions/index.js","statementMap":{"0":{"start":{"line":1,"column":0},"end":{"line":null,"column":-1}},"1":{"start":{"line":8,"column":0},"end":{"line":null,"column":-1}},"2":{"start":{"line":15,"column":0},"end":{"line":null,"column":-1}}},"fnMap":{},"branchMap":{},"s":{"0":0,"1":0,"2":0},"f":{},"b":{}}
,"/home/charlie/nuf/front/src/store/actions/message.js": {"path":"/home/charlie/nuf/front/src/store/actions/message.js","statementMap":{"0":{"start":{"line":1,"column":0},"end":{"line":null,"column":-1}},"1":{"start":{"line":3,"column":20},"end":{"line":3,"column":0}},"2":{"start":{"line":6,"column":26},"end":{"line":6,"column":7}},"3":{"start":{"line":6,"column":77},"end":{"line":6,"column":26}},"4":{"start":{"line":20,"column":25},"end":{"line":20,"column":7}},"5":{"start":{"line":20,"column":40},"end":{"line":20,"column":24}},"6":{"start":{"line":28,"column":29},"end":{"line":28,"column":7}},"7":{"start":{"line":28,"column":36},"end":{"line":28,"column":29}},"8":{"start":{"line":35,"column":31},"end":{"line":35,"column":7}},"9":{"start":{"line":35,"column":76},"end":{"line":35,"column":31}}},"fnMap":{"0":{"name":"(anonymous_0)","decl":{"start":{"line":6,"column":26},"end":{"line":6,"column":27}},"loc":{"start":{"line":6,"column":77},"end":{"line":6,"column":26}}},"1":{"name":"(anonymous_1)","decl":{"start":{"line":20,"column":25},"end":{"line":20,"column":23}},"loc":{"start":{"line":20,"column":40},"end":{"line":20,"column":24}}},"2":{"name":"(anonymous_2)","decl":{"start":{"line":28,"column":29},"end":{"line":28,"column":35}},"loc":{"start":{"line":28,"column":36},"end":{"line":28,"column":29}}},"3":{"name":"(anonymous_3)","decl":{"start":{"line":35,"column":31},"end":{"line":35,"column":32}},"loc":{"start":{"line":35,"column":76},"end":{"line":35,"column":31}}}},"branchMap":{},"s":{"0":0,"1":0,"2":0,"3":0,"4":0,"5":0,"6":0,"7":0,"8":0,"9":0},"f":{"0":0,"1":0,"2":0,"3":0},"b":{}}
,"/home/charlie/nuf/front/src/store/actions/users.js": {"path":"/home/charlie/nuf/front/src/store/actions/users.js","statementMap":{"0":{"start":{"line":1,"column":0},"end":{"line":null,"column":-1}},"1":{"start":{"line":4,"column":25},"end":{"line":4,"column":7}},"2":{"start":{"line":4,"column":44},"end":{"line":4,"column":25}},"3":{"start":{"line":13,"column":27},"end":{"line":13,"column":7}},"4":{"start":{"line":13,"column":72},"end":{"line":13,"column":27}},"5":{"start":{"line":23,"column":33},"end":{"line":23,"column":7}},"6":{"start":{"line":23,"column":40},"end":{"line":23,"column":33}},"7":{"start":{"line":29,"column":31},"end":{"line":29,"column":7}},"8":{"start":{"line":29,"column":38},"end":{"line":29,"column":31}}},"fnMap":{"0":{"name":"(anonymous_0)","decl":{"start":{"line":4,"column":25},"end":{"line":4,"column":26}},"loc":{"start":{"line":4,"column":44},"end":{"line":4,"column":25}}},"1":{"name":"(anonymous_1)","decl":{"start":{"line":13,"column":27},"end":{"line":13,"column":28}},"loc":{"start":{"line":13,"column":72},"end":{"line":13,"column":27}}},"2":{"name":"(anonymous_2)","decl":{"start":{"line":23,"column":33},"end":{"line":23,"column":39}},"loc":{"start":{"line":23,"column":40},"end":{"line":23,"column":33}}},"3":{"name":"(anonymous_3)","decl":{"start":{"line":29,"column":31},"end":{"line":29,"column":37}},"loc":{"start":{"line":29,"column":38},"end":{"line":29,"column":31}}}},"branchMap":{},"s":{"0":0,"1":0,"2":0,"3":0,"4":0,"5":0,"6":0,"7":0,"8":0},"f":{"0":0,"1":0,"2":0,"3":0},"b":{}}
,"/home/charlie/nuf/front/src/store/reducers/chat.js": {"path":"/home/charlie/nuf/front/src/store/reducers/chat.js","statementMap":{"0":{"start":{"line":1,"column":0},"end":{"line":null,"column":-1}},"1":{"start":{"line":4,"column":21},"end":{"line":4,"column":0}},"2":{"start":{"line":8,"column":14},"end":{"line":8,"column":0}},"3":{"start":{"line":9,"column":4},"end":{"line":null,"column":-1}},"4":{"start":{"line":11,"column":12},"end":{"line":null,"column":-1}},"5":{"start":{"line":16,"column":12},"end":{"line":null,"column":-1}},"6":{"start":{"line":23,"column":16},"end":{"line":23,"column":0}},"7":{"start":{"line":24,"column":4},"end":{"line":null,"column":-1}},"8":{"start":{"line":25,"column":36},"end":{"line":null,"column":-1}},"9":{"start":{"line":26,"column":17},"end":{"line":null,"column":-1}}},"fnMap":{"0":{"name":"(anonymous_0)","decl":{"start":{"line":8,"column":14},"end":{"line":8,"column":15}},"loc":{"start":{"line":8,"column":38},"end":{"line":8,"column":0}}},"1":{"name":"(anonymous_1)","decl":{"start":{"line":23,"column":16},"end":{"line":23,"column":17}},"loc":{"start":{"line":23,"column":50},"end":{"line":23,"column":0}}}},"branchMap":{"0":{"loc":{"start":{"line":8,"column":23},"end":{"line":8,"column":14}},"type":"default-arg","locations":[{"start":{"line":8,"column":23},"end":{"line":8,"column":14}}]},"1":{"loc":{"start":{"line":10,"column":8},"end":{"line":11,"column":12}},"type":"switch","locations":[{"start":{"line":10,"column":8},"end":{"line":11,"column":12}},{"start":{"line":15,"column":8},"end":{"line":16,"column":12}}]},"2":{"loc":{"start":{"line":23,"column":25},"end":{"line":23,"column":16}},"type":"default-arg","locations":[{"start":{"line":23,"column":25},"end":{"line":23,"column":16}}]},"3":{"loc":{"start":{"line":25,"column":8},"end":{"line":25,"column":36}},"type":"switch","locations":[{"start":{"line":25,"column":8},"end":{"line":25,"column":36}},{"start":{"line":26,"column":8},"end":{"line":26,"column":17}}]}},"s":{"0":0,"1":0,"2":0,"3":0,"4":0,"5":0,"6":0,"7":0,"8":0,"9":0},"f":{"0":0,"1":0},"b":{"0":[0],"1":[0,0],"2":[0],"3":[0,0]}}
,"/home/charlie/nuf/front/src/store/reducers/message.js": {"path":"/home/charlie/nuf/front/src/store/reducers/message.js","statementMap":{"0":{"start":{"line":1,"column":0},"end":{"line":null,"column":-1}},"1":{"start":{"line":4,"column":21},"end":{"line":4,"column":0}},"2":{"start":{"line":9,"column":17},"end":{"line":9,"column":0}},"3":{"start":{"line":10,"column":4},"end":{"line":null,"column":-1}},"4":{"start":{"line":12,"column":12},"end":{"line":null,"column":-1}},"5":{"start":{"line":18,"column":12},"end":{"line":null,"column":-1}},"6":{"start":{"line":23,"column":12},"end":{"line":null,"column":-1}},"7":{"start":{"line":28,"column":12},"end":{"line":null,"column":-1}},"8":{"start":{"line":34,"column":16},"end":{"line":34,"column":0}},"9":{"start":{"line":35,"column":4},"end":{"line":null,"column":-1}},"10":{"start":{"line":36,"column":32},"end":{"line":null,"column":-1}},"11":{"start":{"line":37,"column":38},"end":{"line":null,"column":-1}},"12":{"start":{"line":38,"column":43},"end":{"line":null,"column":-1}},"13":{"start":{"line":39,"column":41},"end":{"line":null,"column":-1}},"14":{"start":{"line":40,"column":17},"end":{"line":null,"column":-1}}},"fnMap":{"0":{"name":"(anonymous_0)","decl":{"start":{"line":9,"column":17},"end":{"line":9,"column":18}},"loc":{"start":{"line":9,"column":41},"end":{"line":9,"column":0}}},"1":{"name":"(anonymous_1)","decl":{"start":{"line":34,"column":16},"end":{"line":34,"column":17}},"loc":{"start":{"line":34,"column":50},"end":{"line":34,"column":0}}}},"branchMap":{"0":{"loc":{"start":{"line":9,"column":26},"end":{"line":9,"column":17}},"type":"default-arg","locations":[{"start":{"line":9,"column":26},"end":{"line":9,"column":17}}]},"1":{"loc":{"start":{"line":11,"column":8},"end":{"line":12,"column":12}},"type":"switch","locations":[{"start":{"line":11,"column":8},"end":{"line":12,"column":12}},{"start":{"line":16,"column":8},"end":{"line":null,"column":-1}},{"start":{"line":17,"column":8},"end":{"line":18,"column":12}},{"start":{"line":22,"column":8},"end":{"line":23,"column":12}},{"start":{"line":27,"column":8},"end":{"line":28,"column":12}}]},"2":{"loc":{"start":{"line":34,"column":25},"end":{"line":34,"column":16}},"type":"default-arg","locations":[{"start":{"line":34,"column":25},"end":{"line":34,"column":16}}]},"3":{"loc":{"start":{"line":36,"column":8},"end":{"line":36,"column":32}},"type":"switch","locations":[{"start":{"line":36,"column":8},"end":{"line":36,"column":32}},{"start":{"line":37,"column":8},"end":{"line":37,"column":38}},{"start":{"line":38,"column":8},"end":{"line":38,"column":43}},{"start":{"line":39,"column":8},"end":{"line":39,"column":41}},{"start":{"line":40,"column":8},"end":{"line":40,"column":17}}]}},"s":{"0":0,"1":0,"2":0,"3":0,"4":0,"5":0,"6":0,"7":0,"8":0,"9":0,"10":0,"11":0,"12":0,"13":0,"14":0},"f":{"0":0,"1":0},"b":{"0":[0],"1":[0,0,0,0,0],"2":[0],"3":[0,0,0,0,0]}}
,"/home/charlie/nuf/front/src/store/reducers/users.js": {"path":"/home/charlie/nuf/front/src/store/reducers/users.js","statementMap":{"0":{"start":{"line":1,"column":0},"end":{"line":null,"column":-1}},"1":{"start":{"line":4,"column":21},"end":{"line":4,"column":0}},"2":{"start":{"line":9,"column":14},"end":{"line":9,"column":0}},"3":{"start":{"line":10,"column":4},"end":{"line":null,"column":-1}},"4":{"start":{"line":12,"column":12},"end":{"line":null,"column":-1}},"5":{"start":{"line":17,"column":12},"end":{"line":null,"column":-1}},"6":{"start":{"line":22,"column":20},"end":{"line":22,"column":0}},"7":{"start":{"line":23,"column":4},"end":{"line":null,"column":-1}},"8":{"start":{"line":25,"column":12},"end":{"line":null,"column":-1}},"9":{"start":{"line":30,"column":12},"end":{"line":null,"column":-1}},"10":{"start":{"line":35,"column":16},"end":{"line":35,"column":0}},"11":{"start":{"line":36,"column":4},"end":{"line":null,"column":-1}},"12":{"start":{"line":37,"column":37},"end":{"line":null,"column":-1}},"13":{"start":{"line":38,"column":39},"end":{"line":null,"column":-1}},"14":{"start":{"line":39,"column":17},"end":{"line":null,"column":-1}}},"fnMap":{"0":{"name":"(anonymous_0)","decl":{"start":{"line":9,"column":14},"end":{"line":9,"column":15}},"loc":{"start":{"line":9,"column":38},"end":{"line":9,"column":0}}},"1":{"name":"(anonymous_1)","decl":{"start":{"line":22,"column":20},"end":{"line":22,"column":21}},"loc":{"start":{"line":22,"column":44},"end":{"line":22,"column":0}}},"2":{"name":"(anonymous_2)","decl":{"start":{"line":35,"column":16},"end":{"line":35,"column":17}},"loc":{"start":{"line":35,"column":50},"end":{"line":35,"column":0}}}},"branchMap":{"0":{"loc":{"start":{"line":9,"column":23},"end":{"line":9,"column":14}},"type":"default-arg","locations":[{"start":{"line":9,"column":23},"end":{"line":9,"column":14}}]},"1":{"loc":{"start":{"line":11,"column":8},"end":{"line":12,"column":12}},"type":"switch","locations":[{"start":{"line":11,"column":8},"end":{"line":12,"column":12}},{"start":{"line":16,"column":8},"end":{"line":17,"column":12}}]},"2":{"loc":{"start":{"line":22,"column":29},"end":{"line":22,"column":20}},"type":"default-arg","locations":[{"start":{"line":22,"column":29},"end":{"line":22,"column":20}}]},"3":{"loc":{"start":{"line":24,"column":8},"end":{"line":25,"column":12}},"type":"switch","locations":[{"start":{"line":24,"column":8},"end":{"line":25,"column":12}},{"start":{"line":29,"column":8},"end":{"line":30,"column":12}}]},"4":{"loc":{"start":{"line":35,"column":25},"end":{"line":35,"column":16}},"type":"default-arg","locations":[{"start":{"line":35,"column":25},"end":{"line":35,"column":16}}]},"5":{"loc":{"start":{"line":37,"column":8},"end":{"line":37,"column":37}},"type":"switch","locations":[{"start":{"line":37,"column":8},"end":{"line":37,"column":37}},{"start":{"line":38,"column":8},"end":{"line":38,"column":39}},{"start":{"line":39,"column":8},"end":{"line":39,"column":17}}]}},"s":{"0":0,"1":0,"2":0,"3":0,"4":0,"5":0,"6":0,"7":0,"8":0,"9":0,"10":0,"11":0,"12":0,"13":0,"14":0},"f":{"0":0,"1":0,"2":0},"b":{"0":[0],"1":[0,0],"2":[0],"3":[0,0],"4":[0],"5":[0,0,0]}}
}
